[nd_detection_service_master-IPT3NWHNQZ4CFDHIO4BCY4OTGPEBLC3YHRT5RGIUOII2KPQ34YSA] Running shell script
+ make build
[1;33m=> Compiling and Building...
[0m/var/jenkins_home/workspace/nd_detection_service_master-IPT3NWHNQZ4CFDHIO4BCY4OTGPEBLC3YHRT5RGIUOII2KPQ34YSA
[INFO] Scanning for projects...
[INFO] 
[INFO] ------------------------------------------------------------------------
[INFO] Building branddetection 0.0.1-SNAPSHOT
[INFO] ------------------------------------------------------------------------
[INFO] 
[INFO] --- maven-resources-plugin:2.6:resources (default-resources) @ branddetection ---
[INFO] Using 'UTF-8' encoding to copy filtered resources.
[INFO] Copying 1 resource
[INFO] Copying 0 resource
[INFO] 
[INFO] --- maven-compiler-plugin:3.1:compile (default-compile) @ branddetection ---
[INFO] Changes detected - recompiling the module!
[INFO] Compiling 32 source files to /var/jenkins_home/workspace/nd_detection_service_master-IPT3NWHNQZ4CFDHIO4BCY4OTGPEBLC3YHRT5RGIUOII2KPQ34YSA/target/classes
[INFO] ------------------------------------------------------------------------
[INFO] BUILD SUCCESS
[INFO] ------------------------------------------------------------------------
[INFO] Total time: 3.392 s
[INFO] Finished at: 2018-04-17T10:06:20Z
[INFO] Final Memory: 33M/565M
[INFO] ------------------------------------------------------------------------
