Cloning the remote Git repository
Cloning with configured refspecs honoured and without tags
Cloning repository https://bitbucket.org/rdpixalione/brand_detection_service.git
 > git init /var/jenkins_home/workspace/nd_detection_service_master-IPT3NWHNQZ4CFDHIO4BCY4OTGPEBLC3YHRT5RGIUOII2KPQ34YSA # timeout=10
Fetching upstream changes from https://bitbucket.org/rdpixalione/brand_detection_service.git
 > git --version # timeout=10
using GIT_ASKPASS to set credentials Bitbucket server credentials
 > git fetch --no-tags --progress https://bitbucket.org/rdpixalione/brand_detection_service.git +refs/heads/master:refs/remotes/origin/master
 > git config remote.origin.url https://bitbucket.org/rdpixalione/brand_detection_service.git # timeout=10
 > git config --add remote.origin.fetch +refs/heads/master:refs/remotes/origin/master # timeout=10
 > git config remote.origin.url https://bitbucket.org/rdpixalione/brand_detection_service.git # timeout=10
Fetching without tags
Fetching upstream changes from https://bitbucket.org/rdpixalione/brand_detection_service.git
using GIT_ASKPASS to set credentials Bitbucket server credentials
 > git fetch --no-tags --progress https://bitbucket.org/rdpixalione/brand_detection_service.git +refs/heads/master:refs/remotes/origin/master
Checking out Revision 9ca3cac51613bdde5c03af6edaf986189594a6f6 (master)
 > git config core.sparsecheckout # timeout=10
 > git checkout -f 9ca3cac51613bdde5c03af6edaf986189594a6f6
Commit message: "Updating Makefile"
 > git rev-list --no-walk fd7532a2f3473e6b4b36213f2ad9c49d5d529b36 # timeout=10
[Bitbucket] Notifying commit build result
