[html_parser_service_master-WQU5H3RVHXPIOYSUZW5U5SDBTGIW5SSEMN5SPQAEBXQOEFNLJUHA] Running shell script
+ mvn compile
[INFO] Scanning for projects...
[INFO]                                                                         
[INFO] ------------------------------------------------------------------------
[INFO] Building htmlparser 0.0.1-SNAPSHOT
[INFO] ------------------------------------------------------------------------
[INFO] 
[INFO] --- maven-resources-plugin:2.6:resources (default-resources) @ htmlparser ---
[INFO] Using 'UTF-8' encoding to copy filtered resources.
[INFO] Copying 1 resource
[INFO] Copying 0 resource
[INFO] 
[INFO] --- maven-compiler-plugin:3.1:compile (default-compile) @ htmlparser ---
[INFO] Changes detected - recompiling the module!
[INFO] Compiling 16 source files to /var/jenkins_home/workspace/html_parser_service_master-WQU5H3RVHXPIOYSUZW5U5SDBTGIW5SSEMN5SPQAEBXQOEFNLJUHA/target/classes
[INFO] ------------------------------------------------------------------------
[INFO] BUILD SUCCESS
[INFO] ------------------------------------------------------------------------
[INFO] Total time: 2.356 s
[INFO] Finished at: 2018-04-18T16:01:09+00:00
[INFO] Final Memory: 28M/554M
[INFO] ------------------------------------------------------------------------
