Started by user [8mha:////4No/f6glFmRLX5ebmbIECRV1UilxYmCDUZVMEFB74V00AAAApB+LCAAAAAAAAP9b85aBtbiIQTGjNKU4P08vOT+vOD8nVc83PyU1x6OyILUoJzMv2y+/JJUBAhiZGBgqihhk0NSjKDWzXb3RdlLBUSYGJk8GtpzUvPSSDB8G5tKinBIGIZ+sxLJE/ZzEvHT94JKizLx0a6BxUmjGOUNodHsLgAzhEgZJ/dLi1CL9xNzMvFSHgsyKxJzM/LxUoOZcAA0R/WrOAAAA[0mamine@pixalione.com
[Fri Apr 20 13:31:08 UTC 2018] Starting branch indexing...
 > git --version # timeout=10
using GIT_SSH to set credentials jenkins-generated-ssh-key
 > git ls-remote --symref git@bitbucket.org:abhamza/keyword-relevancy-final.git # timeout=10
Creating git repository in /var/jenkins_home/caches/git-27b3e2fec12c39b4bda19c2af22713ee
 > git init /var/jenkins_home/caches/git-27b3e2fec12c39b4bda19c2af22713ee # timeout=10
Setting origin to git@bitbucket.org:abhamza/keyword-relevancy-final.git
 > git config remote.origin.url git@bitbucket.org:abhamza/keyword-relevancy-final.git # timeout=10
Fetching & pruning origin...
Fetching upstream changes from origin
 > git --version # timeout=10
using GIT_SSH to set credentials jenkins-generated-ssh-key
 > git fetch --tags --progress origin +refs/heads/*:refs/remotes/origin/* --prune
Listing remote references...
 > git config --get remote.origin.url # timeout=10
using GIT_SSH to set credentials jenkins-generated-ssh-key
 > git ls-remote -h git@bitbucket.org:abhamza/keyword-relevancy-final.git # timeout=10
Checking branches...
  Checking branch origin
      ‘Jenkinsfile’ found
    Met criteria
Scheduled build for branch: origin
  Checking branch amine
      ‘Jenkinsfile’ not found
    Does not meet criteria
  Checking branch master
      ‘Jenkinsfile’ found
    Met criteria
Scheduled build for branch: master
Processed 3 branches
[Fri Apr 20 13:31:14 UTC 2018] Finished branch indexing. Indexing took 6.4 sec
Finished: SUCCESS
