Started at Fri Apr 20 05:08:24 UTC 2018
Checking brand_detection_service
Checking cleanningcontent_service
Checking html_parser_service
Checking keyword-relevancy
Checking language_detection_service
Checking lemmatizer_service
Checking robottxtservice
Checking search_engine_service
Checking stemmer_service
Checking stemmer_service » master
Checking search_engine_service » master
Checking robottxtservice » master
Checking lemmatizer_service » master
Checking language_detection_service » master
Checking keyword-relevancy » master
Checking html_parser_service » master
Checking cleanningcontent_service » master
Checking brand_detection_service » master
Finished at Fri Apr 20 05:08:24 UTC 2018. 16ms
