[earch_engine_service_master-ZIAIQ7YLDK6AFKRFVWUIAQAIER6O2R6Q7OC4DRHZQOTFWRLGZIEQ] Running shell script
+ mvn compile
[INFO] Scanning for projects...
[WARNING] 
[WARNING] Some problems were encountered while building the effective model for com.pixalione.monetoring.seo:searchengine:jar:0.0.1-SNAPSHOT
[WARNING] 'dependencies.dependency.(groupId:artifactId:type:classifier)' must be unique: javax.jdo:jdo-api:jar -> duplicate declaration of version 3.0.1 @ line 104, column 15
[WARNING] 
[WARNING] It is highly recommended to fix these problems because they threaten the stability of your build.
[WARNING] 
[WARNING] For this reason, future Maven versions might no longer support building such malformed projects.
[WARNING] 
[INFO]                                                                         
[INFO] ------------------------------------------------------------------------
[INFO] Building searchengine 0.0.1-SNAPSHOT
[INFO] ------------------------------------------------------------------------
[INFO] 
[INFO] --- maven-resources-plugin:2.6:resources (default-resources) @ searchengine ---
[INFO] Using 'UTF-8' encoding to copy filtered resources.
[INFO] Copying 1 resource
[INFO] Copying 0 resource
[INFO] 
[INFO] --- maven-compiler-plugin:3.1:compile (default-compile) @ searchengine ---
[INFO] Changes detected - recompiling the module!
[INFO] Compiling 28 source files to /var/jenkins_home/workspace/earch_engine_service_master-ZIAIQ7YLDK6AFKRFVWUIAQAIER6O2R6Q7OC4DRHZQOTFWRLGZIEQ/target/classes
[WARNING] /var/jenkins_home/workspace/earch_engine_service_master-ZIAIQ7YLDK6AFKRFVWUIAQAIER6O2R6Q7OC4DRHZQOTFWRLGZIEQ/src/main/java/com/pixalione/monetoring/seo/Dao/Abstract/RestElasticSearchRepository.java: /var/jenkins_home/workspace/earch_engine_service_master-ZIAIQ7YLDK6AFKRFVWUIAQAIER6O2R6Q7OC4DRHZQOTFWRLGZIEQ/src/main/java/com/pixalione/monetoring/seo/Dao/Abstract/RestElasticSearchRepository.java uses unchecked or unsafe operations.
[WARNING] /var/jenkins_home/workspace/earch_engine_service_master-ZIAIQ7YLDK6AFKRFVWUIAQAIER6O2R6Q7OC4DRHZQOTFWRLGZIEQ/src/main/java/com/pixalione/monetoring/seo/Dao/Abstract/RestElasticSearchRepository.java: Recompile with -Xlint:unchecked for details.
[INFO] ------------------------------------------------------------------------
[INFO] BUILD SUCCESS
[INFO] ------------------------------------------------------------------------
[INFO] Total time: 4.469 s
[INFO] Finished at: 2018-04-19T08:04:51+00:00
[INFO] Final Memory: 39M/550M
[INFO] ------------------------------------------------------------------------
