[robottxtservice_master-ETL2XKAMIY3Y7BITJJG6N6FNWIVCHQM3WT5JAWC6CJ7XZXSK2RCA] Running shell script
+ mvn sonar:sonar -Dsonar.host.url=http://213.32.75.99:9000 -Dsonar.login=4f71b9d7d33b0f4e07d40d3acc7c26dad5e95fdc
[INFO] Scanning for projects...
[INFO]                                                                         
[INFO] ------------------------------------------------------------------------
[INFO] Building robottxt 0.0.1-SNAPSHOT
[INFO] ------------------------------------------------------------------------
[INFO] 
[INFO] --- sonar-maven-plugin:3.4.0.905:sonar (default-cli) @ robottxt ---
[INFO] User cache: /root/.sonar/cache
[INFO] SonarQube version: 7.0.0
[INFO] Default locale: "en", source code encoding: "UTF-8"
[INFO] Publish mode
[INFO] Load global settings
[INFO] Load global settings (done) | time=86ms
[INFO] Server id: AWLNpaenYXGBWF_7PvT0
[INFO] User cache: /root/.sonar/cache
[INFO] Load plugins index
[INFO] Load plugins index (done) | time=83ms
[INFO] Load/download plugins
[INFO] Load/download plugins (done) | time=24ms
[INFO] Process project properties
[INFO] Load project repositories
[INFO] Load project repositories (done) | time=437ms
[INFO] Load quality profiles
[INFO] Load quality profiles (done) | time=41ms
[INFO] Load active rules
[INFO] Load active rules (done) | time=487ms
[INFO] Load metrics repository
[INFO] Load metrics repository (done) | time=33ms
[INFO] Project key: com.pixalione.monetoring.v2:robottxt
[INFO] -------------  Scan robottxt
[INFO] Load server rules
[INFO] Load server rules (done) | time=59ms
[INFO] Base dir: /var/jenkins_home/workspace/robottxtservice_master-ETL2XKAMIY3Y7BITJJG6N6FNWIVCHQM3WT5JAWC6CJ7XZXSK2RCA
[INFO] Working dir: /var/jenkins_home/workspace/robottxtservice_master-ETL2XKAMIY3Y7BITJJG6N6FNWIVCHQM3WT5JAWC6CJ7XZXSK2RCA/target/sonar
[INFO] Source paths: pom.xml, src/main/java
[INFO] Test paths: src/test/java
[INFO] Source encoding: UTF-8, default locale: en
[INFO] Index files
[INFO] 32 files indexed
[INFO] Quality profile for java: Sonar way
[INFO] Quality profile for xml: Sonar way
[INFO] Sensor JavaSquidSensor [java]
[INFO] Configured Java source version (sonar.java.source): 8
[INFO] JavaClasspath initialization
[INFO] JavaClasspath initialization (done) | time=14ms
[INFO] JavaTestClasspath initialization
[INFO] JavaTestClasspath initialization (done) | time=5ms
[INFO] Java Main Files AST scan
[INFO] 25 source files to be analyzed
[INFO] 25/25 source files have been analyzed
[INFO] Java Main Files AST scan (done) | time=4202ms
[INFO] Java Test Files AST scan
[INFO] 6 source files to be analyzed
[INFO] 6/6 source files have been analyzed
[INFO] Java Test Files AST scan (done) | time=79ms
[INFO] Sensor JavaSquidSensor [java] (done) | time=5197ms
[INFO] Sensor SurefireSensor [java]
[INFO] parsing [/var/jenkins_home/workspace/robottxtservice_master-ETL2XKAMIY3Y7BITJJG6N6FNWIVCHQM3WT5JAWC6CJ7XZXSK2RCA/target/surefire-reports]
[INFO] Sensor SurefireSensor [java] (done) | time=95ms
[INFO] Sensor JaCoCoSensor [java]
[INFO] Sensor JaCoCoSensor [java] (done) | time=1ms
[INFO] Sensor SonarJavaXmlFileSensor [java]
[INFO] 1 source files to be analyzed
[INFO] Sensor SonarJavaXmlFileSensor [java] (done) | time=347ms
[INFO] 1/1 source files have been analyzed
[INFO] Sensor XML Sensor [xml]
[INFO] Sensor XML Sensor [xml] (done) | time=107ms
[INFO] Sensor Zero Coverage Sensor
[INFO] Sensor Zero Coverage Sensor (done) | time=38ms
[INFO] Sensor CPD Block Indexer
[INFO] Sensor CPD Block Indexer (done) | time=50ms
[INFO] 7 files had no CPD blocks
[INFO] Calculating CPD for 18 files
[INFO] CPD calculation finished
[INFO] Analysis report generated in 137ms, dir size=195 KB
[INFO] Analysis reports compressed in 86ms, zip size=103 KB
[INFO] Analysis report uploaded in 37ms
[INFO] ANALYSIS SUCCESSFUL, you can browse http://213.32.75.99:9000/dashboard/index/com.pixalione.monetoring.v2:robottxt
[INFO] Note that you will be able to access the updated dashboard once the server has processed the submitted analysis report
[INFO] More about the report processing at http://213.32.75.99:9000/api/ce/task?id=AWLeneGkgr_boLqFP8ZF
[INFO] Task total time: 9.962 s
[INFO] ------------------------------------------------------------------------
[INFO] BUILD SUCCESS
[INFO] ------------------------------------------------------------------------
[INFO] Total time: 14.180 s
[INFO] Finished at: 2018-04-19T15:55:11+00:00
[INFO] Final Memory: 44M/1006M
[INFO] ------------------------------------------------------------------------
