[keyword-relevancy_master-FJG7XIFVQH3LEIKUG43GH7YSKIWDW4BUVXPPNQPTFMP3IHYSAJBA] Running shell script
+ make build
[1;33m=> Compiling and Building...
[0m/var/jenkins_home/workspace/keyword-relevancy_master-FJG7XIFVQH3LEIKUG43GH7YSKIWDW4BUVXPPNQPTFMP3IHYSAJBA
[INFO] Scanning for projects...
[INFO] 
[INFO] ------------------------------------------------------------------------
[INFO] Building keyword-relevancy 0.0.1-SNAPSHOT
[INFO] ------------------------------------------------------------------------
[WARNING] The POM for com.monetoring.framework:monetoring-framework-center:jar:1.0 is missing, no dependency information available
[WARNING] The artifact xerces:xerces:jar:2.4.0 has been relocated to xerces:xercesImpl:jar:2.4.0
[INFO] ------------------------------------------------------------------------
[INFO] BUILD FAILURE
[INFO] ------------------------------------------------------------------------
[INFO] Total time: 0.815 s
[INFO] Finished at: 2018-04-17T14:14:57Z
[INFO] Final Memory: 19M/559M
[INFO] ------------------------------------------------------------------------
[ERROR] Failed to execute goal on project keyword-relevancy: Could not resolve dependencies for project com.pixalione.refact:keyword-relevancy:jar:0.0.1-SNAPSHOT: Failure to find com.monetoring.framework:monetoring-framework-center:jar:1.0 in https://repo.maven.apache.org/maven2 was cached in the local repository, resolution will not be reattempted until the update interval of central has elapsed or updates are forced -> [Help 1]
[ERROR] 
[ERROR] To see the full stack trace of the errors, re-run Maven with the -e switch.
[ERROR] Re-run Maven using the -X switch to enable full debug logging.
[ERROR] 
[ERROR] For more information about the errors and possible solutions, please read the following articles:
[ERROR] [Help 1] http://cwiki.apache.org/confluence/display/MAVEN/DependencyResolutionException
Makefile:18: recipe for target 'build' failed
make: *** [build] Error 1
