--- Copying files at Fri Apr 13 13:06:39 UTC 2018
INSTALLED plugins/workflow-step-api.jpi : 2.14
INSTALLED plugins/workflow-cps.jpi : 2.48
INSTALLED plugins/workflow-scm-step.jpi : 2.6
INSTALLED plugins/script-security.jpi : 1.43
INSTALLED plugins/workflow-api.jpi : 2.27
INSTALLED plugins/jquery-detached.jpi : 1.2.1
INSTALLED plugins/workflow-multibranch.jpi : 2.17
INSTALLED plugins/pipeline-stage-step.jpi : 2.3
INSTALLED plugins/dockerhub-notification.jpi : 2.2.1
INSTALLED plugins/github-branch-source.jpi : 2.3.3
INSTALLED plugins/momentjs.jpi : 1.1.1
INSTALLED plugins/github.jpi : 1.29.0
INSTALLED plugins/credentials.jpi : 2.1.16
INSTALLED plugins/git-client.jpi : 2.7.1
INSTALLED plugins/ace-editor.jpi : 1.1
INSTALLED plugins/token-macro.jpi : 2.5
INSTALLED plugins/docker-workflow.jpi : 1.15.1
INSTALLED plugins/git-server.jpi : 1.7
INSTALLED plugins/handlebars.jpi : 1.1.1
INSTALLED plugins/github-api.jpi : 1.90
INSTALLED plugins/amazon-ecs.jpi : 1.13
INSTALLED plugins/cloudbees-folder.jpi : 6.4
INSTALLED plugins/subversion.jpi : 2.10.5
INSTALLED plugins/workflow-cps-global-lib.jpi : 2.9
INSTALLED plugins/workflow-support.jpi : 2.18
INSTALLED plugins/aws-java-sdk.jpi : 1.11.264
INSTALLED plugins/zentimestamp.jpi : 4.2
INSTALLED plugins/workflow-aggregator.jpi : 2.5
INSTALLED plugins/workflow-durable-task-step.jpi : 2.19
INSTALLED plugins/credentials-binding.jpi : 1.16
INSTALLED plugins/workflow-basic-steps.jpi : 2.6
INSTALLED plugins/mailer.jpi : 1.21
INSTALLED plugins/aws-credentials.jpi : 1.23
INSTALLED plugins/ssh-credentials.jpi : 1.13
INSTALLED plugins/pipeline-stage-view.jpi : 2.10
INSTALLED plugins/pipeline-input-step.jpi : 2.8
INSTALLED plugins/structs.jpi : 1.14
INSTALLED plugins/pipeline-build-step.jpi : 2.7
INSTALLED plugins/docker-commons.jpi : 1.11
INSTALLED plugins/jackson2-api.jpi : 2.8.11.1
INSTALLED plugins/durable-task.jpi : 1.22
INSTALLED plugins/branch-api.jpi : 2.0.19
INSTALLED plugins/docker-build-publish.jpi : 1.3.2
INSTALLED plugins/authentication-tokens.jpi : 1.3
INSTALLED plugins/workflow-job.jpi : 2.18
INSTALLED plugins/icon-shim.jpi : 2.0.3
INSTALLED plugins/git.jpi : 3.8.0
INSTALLED plugins/plain-credentials.jpi : 1.4
INSTALLED plugins/scm-api.jpi : 2.2.6
INSTALLED plugins/async-http-client.jpi : 1.9.40.0
INSTALLED plugins/mapdb-api.jpi : 1.0.9.0
INSTALLED plugins/pipeline-rest-api.jpi : 2.10
INSTALLED init.groovy.d/tcp-slave-agent-port.groovy
--- Copying files at Fri Apr 20 11:32:51 UTC 2018
SKIPPED plugins/workflow-job.jpi : Installed version (2.19) has been manually upgraded from initial version (2.18)
--- Copying files at Fri Apr 20 11:33:15 UTC 2018
SKIPPED plugins/workflow-job.jpi : Installed version (2.19) has been manually upgraded from initial version (2.18)
--- Copying files at Fri Apr 20 12:57:02 UTC 2018
SKIPPED plugins/workflow-job.jpi : Installed version (2.19) has been manually upgraded from initial version (2.18)
--- Copying files at Fri Apr 20 13:02:12 UTC 2018
--- Copying files at Fri Apr 20 13:02:29 UTC 2018
SKIPPED plugins/workflow-job.jpi : Installed version (2.19) has been manually upgraded from initial version (2.18)
