[ge_detection_service_master-MAQLAX637ZF3G3XBHHGDGRX6FERZ36YMWM2RT2GFR2ZSHS5BZPUA] Running shell script
+ mvn sonar:sonar -Dsonar.host.url=http://213.32.75.99:9000 -Dsonar.login=4f71b9d7d33b0f4e07d40d3acc7c26dad5e95fdc
[INFO] Scanning for projects...
[INFO]                                                                         
[INFO] ------------------------------------------------------------------------
[INFO] Building languagedetection 0.0.1-SNAPSHOT
[INFO] ------------------------------------------------------------------------
[INFO] 
[INFO] --- sonar-maven-plugin:3.4.0.905:sonar (default-cli) @ languagedetection ---
[INFO] User cache: /root/.sonar/cache
[INFO] SonarQube version: 7.0.0
[INFO] Default locale: "en", source code encoding: "UTF-8"
[INFO] Publish mode
[INFO] Load global settings
[INFO] Load global settings (done) | time=115ms
[INFO] Server id: AWLNpaenYXGBWF_7PvT0
[INFO] User cache: /root/.sonar/cache
[INFO] Load plugins index
[INFO] Load plugins index (done) | time=89ms
[INFO] Load/download plugins
[INFO] Load/download plugins (done) | time=19ms
[INFO] Process project properties
[INFO] Load project repositories
[INFO] Load project repositories (done) | time=368ms
[INFO] Load quality profiles
[INFO] Load quality profiles (done) | time=65ms
[INFO] Load active rules
[INFO] Load active rules (done) | time=583ms
[INFO] Load metrics repository
[INFO] Load metrics repository (done) | time=45ms
[INFO] Project key: com.pixalione.monetoring.data_preprocessing:languagedetection
[INFO] -------------  Scan languagedetection
[INFO] Load server rules
[INFO] Load server rules (done) | time=71ms
[INFO] Base dir: /var/jenkins_home/workspace/ge_detection_service_master-MAQLAX637ZF3G3XBHHGDGRX6FERZ36YMWM2RT2GFR2ZSHS5BZPUA
[INFO] Working dir: /var/jenkins_home/workspace/ge_detection_service_master-MAQLAX637ZF3G3XBHHGDGRX6FERZ36YMWM2RT2GFR2ZSHS5BZPUA/target/sonar
[INFO] Source paths: pom.xml, src/main/java
[INFO] Test paths: src/test/java
[INFO] Source encoding: UTF-8, default locale: en
[INFO] Index files
[INFO] 9 files indexed
[INFO] Quality profile for java: Sonar way
[INFO] Quality profile for xml: Sonar way
[INFO] Sensor JavaSquidSensor [java]
[INFO] Configured Java source version (sonar.java.source): 8
[INFO] JavaClasspath initialization
[INFO] JavaClasspath initialization (done) | time=16ms
[INFO] JavaTestClasspath initialization
[INFO] JavaTestClasspath initialization (done) | time=2ms
[INFO] Java Main Files AST scan
[INFO] 6 source files to be analyzed
[INFO] Java Main Files AST scan (done) | time=1043ms
[INFO] Java Test Files AST scan
[INFO] 2 source files to be analyzed
[INFO] 6/6 source files have been analyzed
[INFO] 2/2 source files have been analyzed
[INFO] Java Test Files AST scan (done) | time=128ms
[INFO] Sensor JavaSquidSensor [java] (done) | time=1862ms
[INFO] Sensor SurefireSensor [java]
[INFO] parsing [/var/jenkins_home/workspace/ge_detection_service_master-MAQLAX637ZF3G3XBHHGDGRX6FERZ36YMWM2RT2GFR2ZSHS5BZPUA/target/surefire-reports]
[INFO] Sensor SurefireSensor [java] (done) | time=7ms
[INFO] Sensor JaCoCoSensor [java]
[INFO] Sensor JaCoCoSensor [java] (done) | time=1ms
[INFO] Sensor SonarJavaXmlFileSensor [java]
[INFO] 1 source files to be analyzed
[INFO] Sensor SonarJavaXmlFileSensor [java] (done) | time=879ms
[INFO] Sensor XML Sensor [xml]
[INFO] 1/1 source files have been analyzed
[INFO] Sensor XML Sensor [xml] (done) | time=142ms
[INFO] Sensor Zero Coverage Sensor
[INFO] Sensor Zero Coverage Sensor (done) | time=28ms
[INFO] Sensor CPD Block Indexer
[INFO] Sensor CPD Block Indexer (done) | time=27ms
[INFO] 2 files had no CPD blocks
[INFO] Calculating CPD for 4 files
[INFO] CPD calculation finished
[INFO] Analysis report generated in 143ms, dir size=67 KB
[INFO] Analysis reports compressed in 34ms, zip size=28 KB
[INFO] Analysis report uploaded in 47ms
[INFO] ANALYSIS SUCCESSFUL, you can browse http://213.32.75.99:9000/dashboard/index/com.pixalione.monetoring.data_preprocessing:languagedetection
[INFO] Note that you will be able to access the updated dashboard once the server has processed the submitted analysis report
[INFO] More about the report processing at http://213.32.75.99:9000/api/ce/task?id=AWLYaKcQgr_boLqFP8Xn
[INFO] Task total time: 6.562 s
[INFO] ------------------------------------------------------------------------
[INFO] BUILD SUCCESS
[INFO] ------------------------------------------------------------------------
[INFO] Total time: 9.796 s
[INFO] Finished at: 2018-04-18T10:59:20+00:00
[INFO] Final Memory: 43M/1009M
[INFO] ------------------------------------------------------------------------
