Cloning the remote Git repository
Cloning with configured refspecs honoured and without tags
Cloning repository https://bitbucket.org/rdpixalione/cleanningcontent_service.git
 > git init /var/jenkins_home/workspace/nningcontent_service_master-HAGZYY2L7CXNFJORQV67KBU2Q3YWGWYGZWPQZN7EV2SIMJDPKEAQ # timeout=10
Fetching upstream changes from https://bitbucket.org/rdpixalione/cleanningcontent_service.git
 > git --version # timeout=10
using GIT_ASKPASS to set credentials Bitbucket server credentials
 > git fetch --no-tags --progress https://bitbucket.org/rdpixalione/cleanningcontent_service.git +refs/heads/master:refs/remotes/origin/master
 > git config remote.origin.url https://bitbucket.org/rdpixalione/cleanningcontent_service.git # timeout=10
 > git config --add remote.origin.fetch +refs/heads/master:refs/remotes/origin/master # timeout=10
 > git config remote.origin.url https://bitbucket.org/rdpixalione/cleanningcontent_service.git # timeout=10
Fetching without tags
Fetching upstream changes from https://bitbucket.org/rdpixalione/cleanningcontent_service.git
using GIT_ASKPASS to set credentials Bitbucket server credentials
 > git fetch --no-tags --progress https://bitbucket.org/rdpixalione/cleanningcontent_service.git +refs/heads/master:refs/remotes/origin/master
Checking out Revision c8b0568a24a86a7a92aa48a631fa05aaa6a458d4 (master)
 > git config core.sparsecheckout # timeout=10
 > git checkout -f c8b0568a24a86a7a92aa48a631fa05aaa6a458d4
Commit message: "Merge branch 'master' of bitbucket.org:rdpixalione/cleanningcontent_service"
 > git rev-list --no-walk c8b0568a24a86a7a92aa48a631fa05aaa6a458d4 # timeout=10
[Bitbucket] Notifying commit build result
