Cloning the remote Git repository
Cloning with configured refspecs honoured and without tags
Cloning repository https://bitbucket.org/rdpixalione/language_detection_service.git
 > git init /var/jenkins_home/workspace/ge_detection_service_master-MAQLAX637ZF3G3XBHHGDGRX6FERZ36YMWM2RT2GFR2ZSHS5BZPUA # timeout=10
Fetching upstream changes from https://bitbucket.org/rdpixalione/language_detection_service.git
 > git --version # timeout=10
using GIT_ASKPASS to set credentials Bitbucket server credentials
 > git fetch --no-tags --progress https://bitbucket.org/rdpixalione/language_detection_service.git +refs/heads/master:refs/remotes/origin/master
 > git config remote.origin.url https://bitbucket.org/rdpixalione/language_detection_service.git # timeout=10
 > git config --add remote.origin.fetch +refs/heads/master:refs/remotes/origin/master # timeout=10
 > git config remote.origin.url https://bitbucket.org/rdpixalione/language_detection_service.git # timeout=10
Fetching without tags
Fetching upstream changes from https://bitbucket.org/rdpixalione/language_detection_service.git
using GIT_ASKPASS to set credentials Bitbucket server credentials
 > git fetch --no-tags --progress https://bitbucket.org/rdpixalione/language_detection_service.git +refs/heads/master:refs/remotes/origin/master
Checking out Revision 03c47fd7609c503e34b3acac51d6ef480c1e2524 (master)
 > git config core.sparsecheckout # timeout=10
 > git checkout -f 03c47fd7609c503e34b3acac51d6ef480c1e2524
Commit message: "Updating Makefile"
First time build. Skipping changelog.
[Bitbucket] Notifying commit build result
