Cloning the remote Git repository
Cloning repository git@bitbucket.org:rdpixalione/language_detection_service.git
 > git init /var/jenkins_home/workspace/ge_detection_service_master-MAQLAX637ZF3G3XBHHGDGRX6FERZ36YMWM2RT2GFR2ZSHS5BZPUA@2/libLoader # timeout=10
Fetching upstream changes from git@bitbucket.org:rdpixalione/language_detection_service.git
 > git --version # timeout=10
 > git fetch --tags --progress git@bitbucket.org:rdpixalione/language_detection_service.git +refs/heads/*:refs/remotes/origin/*
ERROR: Error cloning remote repo 'origin'
hudson.plugins.git.GitException: Command "git fetch --tags --progress git@bitbucket.org:rdpixalione/language_detection_service.git +refs/heads/*:refs/remotes/origin/*" returned status code 128:
stdout: 
stderr: Host key verification failed.
fatal: Could not read from remote repository.

Please make sure you have the correct access rights
and the repository exists.

	at org.jenkinsci.plugins.gitclient.CliGitAPIImpl.launchCommandIn(CliGitAPIImpl.java:1996)
	at org.jenkinsci.plugins.gitclient.CliGitAPIImpl.launchCommandWithCredentials(CliGitAPIImpl.java:1715)
	at org.jenkinsci.plugins.gitclient.CliGitAPIImpl.access$300(CliGitAPIImpl.java:72)
	at org.jenkinsci.plugins.gitclient.CliGitAPIImpl$1.execute(CliGitAPIImpl.java:405)
	at org.jenkinsci.plugins.gitclient.CliGitAPIImpl$2.execute(CliGitAPIImpl.java:614)
	at hudson.plugins.git.GitSCM.retrieveChanges(GitSCM.java:1120)
	at hudson.plugins.git.GitSCM.checkout(GitSCM.java:1160)
	at org.jenkinsci.plugins.workflow.steps.scm.SCMStep.checkout(SCMStep.java:113)
	at org.jenkinsci.plugins.workflow.steps.scm.SCMStep$StepExecutionImpl.run(SCMStep.java:85)
	at org.jenkinsci.plugins.workflow.steps.scm.SCMStep$StepExecutionImpl.run(SCMStep.java:75)
	at org.jenkinsci.plugins.workflow.steps.AbstractSynchronousNonBlockingStepExecution$1$1.call(AbstractSynchronousNonBlockingStepExecution.java:47)
	at hudson.security.ACL.impersonate(ACL.java:290)
	at org.jenkinsci.plugins.workflow.steps.AbstractSynchronousNonBlockingStepExecution$1.run(AbstractSynchronousNonBlockingStepExecution.java:44)
	at java.util.concurrent.Executors$RunnableAdapter.call(Executors.java:511)
	at java.util.concurrent.FutureTask.run(FutureTask.java:266)
	at java.util.concurrent.ThreadPoolExecutor.runWorker(ThreadPoolExecutor.java:1149)
	at java.util.concurrent.ThreadPoolExecutor$Worker.run(ThreadPoolExecutor.java:624)
	at java.lang.Thread.run(Thread.java:748)
