Cloning the remote Git repository
Cloning with configured refspecs honoured and without tags
Cloning repository https://bitbucket.org/rdpixalione/html_parser_service.git
 > git init /var/jenkins_home/workspace/html_parser_service_master-WQU5H3RVHXPIOYSUZW5U5SDBTGIW5SSEMN5SPQAEBXQOEFNLJUHA # timeout=10
Fetching upstream changes from https://bitbucket.org/rdpixalione/html_parser_service.git
 > git --version # timeout=10
using GIT_ASKPASS to set credentials Bitbucket server credentials
 > git fetch --no-tags --progress https://bitbucket.org/rdpixalione/html_parser_service.git +refs/heads/master:refs/remotes/origin/master
 > git config remote.origin.url https://bitbucket.org/rdpixalione/html_parser_service.git # timeout=10
 > git config --add remote.origin.fetch +refs/heads/master:refs/remotes/origin/master # timeout=10
 > git config remote.origin.url https://bitbucket.org/rdpixalione/html_parser_service.git # timeout=10
Fetching without tags
Fetching upstream changes from https://bitbucket.org/rdpixalione/html_parser_service.git
using GIT_ASKPASS to set credentials Bitbucket server credentials
 > git fetch --no-tags --progress https://bitbucket.org/rdpixalione/html_parser_service.git +refs/heads/master:refs/remotes/origin/master
Checking out Revision d213bcb41dd4a55cfd6360f33e3235920f8b64ad (master)
 > git config core.sparsecheckout # timeout=10
 > git checkout -f d213bcb41dd4a55cfd6360f33e3235920f8b64ad
Commit message: " Add Tag variable"
 > git rev-list --no-walk d213bcb41dd4a55cfd6360f33e3235920f8b64ad # timeout=10
[Bitbucket] Notifying commit build result
