[stemmer_service_master-6XLHJTFJEGVJZY4FDK4TZOOWCHZTOBWS2W57A4VX32436TUTSP2Q] Running shell script
+ mvn compile
[INFO] Scanning for projects...
[WARNING] 
[WARNING] Some problems were encountered while building the effective model for com.pixalione.monetoring.data_preprocessing:stemmer:jar:0.0.1-SNAPSHOT
[WARNING] 'dependencies.dependency.(groupId:artifactId:type:classifier)' must be unique: org.springframework.boot:spring-boot-starter-test:jar -> duplicate declaration of version (?) @ line 52, column 15
[WARNING] 
[WARNING] It is highly recommended to fix these problems because they threaten the stability of your build.
[WARNING] 
[WARNING] For this reason, future Maven versions might no longer support building such malformed projects.
[WARNING] 
[INFO]                                                                         
[INFO] ------------------------------------------------------------------------
[INFO] Building pixalione 0.0.1-SNAPSHOT
[INFO] ------------------------------------------------------------------------
[INFO] 
[INFO] --- maven-resources-plugin:2.6:resources (default-resources) @ stemmer ---
[INFO] Using 'UTF-8' encoding to copy filtered resources.
[INFO] Copying 1 resource
[INFO] Copying 0 resource
[INFO] 
[INFO] --- maven-compiler-plugin:3.1:compile (default-compile) @ stemmer ---
[INFO] Changes detected - recompiling the module!
[INFO] Compiling 12 source files to /var/jenkins_home/workspace/stemmer_service_master-6XLHJTFJEGVJZY4FDK4TZOOWCHZTOBWS2W57A4VX32436TUTSP2Q/target/classes
[INFO] ------------------------------------------------------------------------
[INFO] BUILD SUCCESS
[INFO] ------------------------------------------------------------------------
[INFO] Total time: 2.896 s
[INFO] Finished at: 2018-04-19T07:47:32+00:00
[INFO] Final Memory: 38M/577M
[INFO] ------------------------------------------------------------------------
