[robottxtservice_master-ETL2XKAMIY3Y7BITJJG6N6FNWIVCHQM3WT5JAWC6CJ7XZXSK2RCA] Running shell script
+ make create
[1;33m=> Pushing Robot txt Docker Image ...
[0mVALUE: [[: 32108761046f: value too great for base (error token is "32108761046f")
[1;33m=> Creating Robot txt Image...
[0m/var/jenkins_home/workspace/robottxtservice_master-ETL2XKAMIY3Y7BITJJG6N6FNWIVCHQM3WT5JAWC6CJ7XZXSK2RCA
[INFO] Scanning for projects...
[INFO] 
[INFO] ------------------------------------------------------------------------
[INFO] Building robottxt 0.0.1-SNAPSHOT
[INFO] ------------------------------------------------------------------------
[INFO] 
[INFO] --- maven-resources-plugin:2.6:resources (default-resources) @ robottxt ---
[INFO] Using 'UTF-8' encoding to copy filtered resources.
[INFO] Copying 2 resources
[INFO] Copying 0 resource
[INFO] 
[INFO] --- maven-compiler-plugin:3.1:compile (default-compile) @ robottxt ---
[INFO] Nothing to compile - all classes are up to date
[INFO] 
[INFO] --- maven-resources-plugin:2.6:testResources (default-testResources) @ robottxt ---
[INFO] Using 'UTF-8' encoding to copy filtered resources.
[INFO] skip non existing resourceDirectory /var/jenkins_home/workspace/robottxtservice_master-ETL2XKAMIY3Y7BITJJG6N6FNWIVCHQM3WT5JAWC6CJ7XZXSK2RCA/src/test/resources
[INFO] 
[INFO] --- maven-compiler-plugin:3.1:testCompile (default-testCompile) @ robottxt ---
[INFO] Changes detected - recompiling the module!
[INFO] Compiling 6 source files to /var/jenkins_home/workspace/robottxtservice_master-ETL2XKAMIY3Y7BITJJG6N6FNWIVCHQM3WT5JAWC6CJ7XZXSK2RCA/target/test-classes
[INFO] 
[INFO] --- maven-surefire-plugin:2.18.1:test (default-test) @ robottxt ---
[INFO] Surefire report directory: /var/jenkins_home/workspace/robottxtservice_master-ETL2XKAMIY3Y7BITJJG6N6FNWIVCHQM3WT5JAWC6CJ7XZXSK2RCA/target/surefire-reports

-------------------------------------------------------
 T E S T S
-------------------------------------------------------
10:32:41.666 [main] DEBUG org.springframework.test.context.junit4.SpringJUnit4ClassRunner - SpringJUnit4ClassRunner constructor called with [class com.pixalione.monetoring.v2.RobotsTxtApplicationTest]
10:32:41.673 [main] DEBUG org.springframework.test.context.BootstrapUtils - Instantiating CacheAwareContextLoaderDelegate from class [org.springframework.test.context.cache.DefaultCacheAwareContextLoaderDelegate]
10:32:41.681 [main] DEBUG org.springframework.test.context.BootstrapUtils - Instantiating BootstrapContext using constructor [public org.springframework.test.context.support.DefaultBootstrapContext(java.lang.Class,org.springframework.test.context.CacheAwareContextLoaderDelegate)]
10:32:41.697 [main] DEBUG org.springframework.test.context.BootstrapUtils - Instantiating TestContextBootstrapper for test class [com.pixalione.monetoring.v2.RobotsTxtApplicationTest] from class [org.springframework.boot.test.context.SpringBootTestContextBootstrapper]
10:32:41.708 [main] INFO org.springframework.boot.test.context.SpringBootTestContextBootstrapper - Neither @ContextConfiguration nor @ContextHierarchy found for test class [com.pixalione.monetoring.v2.RobotsTxtApplicationTest], using SpringBootContextLoader
10:32:41.712 [main] DEBUG org.springframework.test.context.support.AbstractContextLoader - Did not detect default resource location for test class [com.pixalione.monetoring.v2.RobotsTxtApplicationTest]: class path resource [com/pixalione/monetoring/v2/RobotsTxtApplicationTest-context.xml] does not exist
10:32:41.712 [main] DEBUG org.springframework.test.context.support.AbstractContextLoader - Did not detect default resource location for test class [com.pixalione.monetoring.v2.RobotsTxtApplicationTest]: class path resource [com/pixalione/monetoring/v2/RobotsTxtApplicationTestContext.groovy] does not exist
10:32:41.712 [main] INFO org.springframework.test.context.support.AbstractContextLoader - Could not detect default resource locations for test class [com.pixalione.monetoring.v2.RobotsTxtApplicationTest]: no resource found for suffixes {-context.xml, Context.groovy}.
10:32:41.713 [main] INFO org.springframework.test.context.support.AnnotationConfigContextLoaderUtils - Could not detect default configuration classes for test class [com.pixalione.monetoring.v2.RobotsTxtApplicationTest]: RobotsTxtApplicationTest does not declare any static, non-private, non-final, nested classes annotated with @Configuration.
10:32:41.761 [main] DEBUG org.springframework.test.context.support.ActiveProfilesUtils - Could not find an 'annotation declaring class' for annotation type [org.springframework.test.context.ActiveProfiles] and class [com.pixalione.monetoring.v2.RobotsTxtApplicationTest]
10:32:41.776 [main] DEBUG org.springframework.core.env.StandardEnvironment - Adding [systemProperties] PropertySource with lowest search precedence
10:32:41.778 [main] DEBUG org.springframework.core.env.StandardEnvironment - Adding [systemEnvironment] PropertySource with lowest search precedence
10:32:41.778 [main] DEBUG org.springframework.core.env.StandardEnvironment - Initialized StandardEnvironment with PropertySources [systemProperties,systemEnvironment]
10:32:41.794 [main] DEBUG org.springframework.core.io.support.PathMatchingResourcePatternResolver - Resolved classpath location [com/pixalione/monetoring/v2/] to resources [URL [file:/var/jenkins_home/workspace/robottxtservice_master-ETL2XKAMIY3Y7BITJJG6N6FNWIVCHQM3WT5JAWC6CJ7XZXSK2RCA/target/test-classes/com/pixalione/monetoring/v2/], URL [file:/var/jenkins_home/workspace/robottxtservice_master-ETL2XKAMIY3Y7BITJJG6N6FNWIVCHQM3WT5JAWC6CJ7XZXSK2RCA/target/classes/com/pixalione/monetoring/v2/]]
10:32:41.794 [main] DEBUG org.springframework.core.io.support.PathMatchingResourcePatternResolver - Looking for matching resources in directory tree [/var/jenkins_home/workspace/robottxtservice_master-ETL2XKAMIY3Y7BITJJG6N6FNWIVCHQM3WT5JAWC6CJ7XZXSK2RCA/target/test-classes/com/pixalione/monetoring/v2]
10:32:41.794 [main] DEBUG org.springframework.core.io.support.PathMatchingResourcePatternResolver - Searching directory [/var/jenkins_home/workspace/robottxtservice_master-ETL2XKAMIY3Y7BITJJG6N6FNWIVCHQM3WT5JAWC6CJ7XZXSK2RCA/target/test-classes/com/pixalione/monetoring/v2] for files matching pattern [/var/jenkins_home/workspace/robottxtservice_master-ETL2XKAMIY3Y7BITJJG6N6FNWIVCHQM3WT5JAWC6CJ7XZXSK2RCA/target/test-classes/com/pixalione/monetoring/v2/*.class]
10:32:41.808 [main] DEBUG org.springframework.core.io.support.PathMatchingResourcePatternResolver - Looking for matching resources in directory tree [/var/jenkins_home/workspace/robottxtservice_master-ETL2XKAMIY3Y7BITJJG6N6FNWIVCHQM3WT5JAWC6CJ7XZXSK2RCA/target/classes/com/pixalione/monetoring/v2]
10:32:41.809 [main] DEBUG org.springframework.core.io.support.PathMatchingResourcePatternResolver - Searching directory [/var/jenkins_home/workspace/robottxtservice_master-ETL2XKAMIY3Y7BITJJG6N6FNWIVCHQM3WT5JAWC6CJ7XZXSK2RCA/target/classes/com/pixalione/monetoring/v2] for files matching pattern [/var/jenkins_home/workspace/robottxtservice_master-ETL2XKAMIY3Y7BITJJG6N6FNWIVCHQM3WT5JAWC6CJ7XZXSK2RCA/target/classes/com/pixalione/monetoring/v2/*.class]
10:32:41.809 [main] DEBUG org.springframework.core.io.support.PathMatchingResourcePatternResolver - Resolved location pattern [classpath*:com/pixalione/monetoring/v2/*.class] to resources [file [/var/jenkins_home/workspace/robottxtservice_master-ETL2XKAMIY3Y7BITJJG6N6FNWIVCHQM3WT5JAWC6CJ7XZXSK2RCA/target/test-classes/com/pixalione/monetoring/v2/RobotsTxtApplicationTest.class], file [/var/jenkins_home/workspace/robottxtservice_master-ETL2XKAMIY3Y7BITJJG6N6FNWIVCHQM3WT5JAWC6CJ7XZXSK2RCA/target/classes/com/pixalione/monetoring/v2/RobotsTxtApplication.class]]
10:32:41.883 [main] DEBUG org.springframework.context.annotation.ClassPathScanningCandidateComponentProvider - Identified candidate component class: file [/var/jenkins_home/workspace/robottxtservice_master-ETL2XKAMIY3Y7BITJJG6N6FNWIVCHQM3WT5JAWC6CJ7XZXSK2RCA/target/classes/com/pixalione/monetoring/v2/RobotsTxtApplication.class]
10:32:41.884 [main] INFO org.springframework.boot.test.context.SpringBootTestContextBootstrapper - Found @SpringBootConfiguration com.pixalione.monetoring.v2.RobotsTxtApplication for test class com.pixalione.monetoring.v2.RobotsTxtApplicationTest
10:32:41.888 [main] DEBUG org.springframework.boot.test.context.SpringBootTestContextBootstrapper - @TestExecutionListeners is not present for class [com.pixalione.monetoring.v2.RobotsTxtApplicationTest]: using defaults.
10:32:41.891 [main] INFO org.springframework.boot.test.context.SpringBootTestContextBootstrapper - Loaded default TestExecutionListener class names from location [META-INF/spring.factories]: [org.springframework.boot.test.mock.mockito.MockitoTestExecutionListener, org.springframework.boot.test.mock.mockito.ResetMocksTestExecutionListener, org.springframework.boot.test.autoconfigure.restdocs.RestDocsTestExecutionListener, org.springframework.boot.test.autoconfigure.web.client.MockRestServiceServerResetTestExecutionListener, org.springframework.boot.test.autoconfigure.web.servlet.MockMvcPrintOnlyOnFailureTestExecutionListener, org.springframework.boot.test.autoconfigure.web.servlet.WebDriverTestExecutionListener, org.springframework.test.context.web.ServletTestExecutionListener, org.springframework.test.context.support.DirtiesContextBeforeModesTestExecutionListener, org.springframework.test.context.support.DependencyInjectionTestExecutionListener, org.springframework.test.context.support.DirtiesContextTestExecutionListener, org.springframework.test.context.transaction.TransactionalTestExecutionListener, org.springframework.test.context.jdbc.SqlScriptsTestExecutionListener]
10:32:41.910 [main] INFO org.springframework.boot.test.context.SpringBootTestContextBootstrapper - Using TestExecutionListeners: [org.springframework.test.context.web.ServletTestExecutionListener@2d127a61, org.springframework.test.context.support.DirtiesContextBeforeModesTestExecutionListener@2bbaf4f0, org.springframework.boot.test.autoconfigure.SpringBootDependencyInjectionTestExecutionListener@11c20519, org.springframework.test.context.support.DirtiesContextTestExecutionListener@70beb599, org.springframework.test.context.transaction.TransactionalTestExecutionListener@4e41089d, org.springframework.test.context.jdbc.SqlScriptsTestExecutionListener@32a068d1, org.springframework.boot.test.autoconfigure.web.servlet.MockMvcPrintOnlyOnFailureTestExecutionListener@33cb5951, org.springframework.boot.test.autoconfigure.restdocs.RestDocsTestExecutionListener@365c30cc, org.springframework.boot.test.mock.mockito.ResetMocksTestExecutionListener@701fc37a, org.springframework.boot.test.autoconfigure.web.servlet.WebDriverTestExecutionListener@4148db48, org.springframework.boot.test.autoconfigure.web.client.MockRestServiceServerResetTestExecutionListener@282003e1, org.springframework.boot.test.mock.mockito.MockitoTestExecutionListener@7fad8c79]
10:32:41.913 [main] DEBUG org.springframework.test.context.junit4.SpringJUnit4ClassRunner - SpringJUnit4ClassRunner constructor called with [class com.pixalione.monetoring.v2.Robots.Core.RobotParserLogicTest]
10:32:41.914 [main] DEBUG org.springframework.test.context.BootstrapUtils - Instantiating CacheAwareContextLoaderDelegate from class [org.springframework.test.context.cache.DefaultCacheAwareContextLoaderDelegate]
10:32:41.914 [main] DEBUG org.springframework.test.context.BootstrapUtils - Instantiating BootstrapContext using constructor [public org.springframework.test.context.support.DefaultBootstrapContext(java.lang.Class,org.springframework.test.context.CacheAwareContextLoaderDelegate)]
10:32:41.914 [main] DEBUG org.springframework.test.context.BootstrapUtils - Instantiating TestContextBootstrapper for test class [com.pixalione.monetoring.v2.Robots.Core.RobotParserLogicTest] from class [org.springframework.boot.test.context.SpringBootTestContextBootstrapper]
10:32:41.915 [main] INFO org.springframework.boot.test.context.SpringBootTestContextBootstrapper - Neither @ContextConfiguration nor @ContextHierarchy found for test class [com.pixalione.monetoring.v2.Robots.Core.RobotParserLogicTest], using SpringBootContextLoader
10:32:41.915 [main] DEBUG org.springframework.test.context.support.AbstractContextLoader - Did not detect default resource location for test class [com.pixalione.monetoring.v2.Robots.Core.RobotParserLogicTest]: class path resource [com/pixalione/monetoring/v2/Robots/Core/RobotParserLogicTest-context.xml] does not exist
10:32:41.916 [main] DEBUG org.springframework.test.context.support.AbstractContextLoader - Did not detect default resource location for test class [com.pixalione.monetoring.v2.Robots.Core.RobotParserLogicTest]: class path resource [com/pixalione/monetoring/v2/Robots/Core/RobotParserLogicTestContext.groovy] does not exist
10:32:41.916 [main] INFO org.springframework.test.context.support.AbstractContextLoader - Could not detect default resource locations for test class [com.pixalione.monetoring.v2.Robots.Core.RobotParserLogicTest]: no resource found for suffixes {-context.xml, Context.groovy}.
10:32:41.916 [main] INFO org.springframework.test.context.support.AnnotationConfigContextLoaderUtils - Could not detect default configuration classes for test class [com.pixalione.monetoring.v2.Robots.Core.RobotParserLogicTest]: RobotParserLogicTest does not declare any static, non-private, non-final, nested classes annotated with @Configuration.
10:32:41.921 [main] DEBUG org.springframework.test.context.support.ActiveProfilesUtils - Could not find an 'annotation declaring class' for annotation type [org.springframework.test.context.ActiveProfiles] and class [com.pixalione.monetoring.v2.Robots.Core.RobotParserLogicTest]
10:32:41.922 [main] DEBUG org.springframework.core.env.StandardEnvironment - Adding [systemProperties] PropertySource with lowest search precedence
10:32:41.922 [main] DEBUG org.springframework.core.env.StandardEnvironment - Adding [systemEnvironment] PropertySource with lowest search precedence
10:32:41.922 [main] DEBUG org.springframework.core.env.StandardEnvironment - Initialized StandardEnvironment with PropertySources [systemProperties,systemEnvironment]
10:32:41.922 [main] DEBUG org.springframework.core.io.support.PathMatchingResourcePatternResolver - Resolved classpath location [com/pixalione/monetoring/v2/Robots/Core/] to resources [URL [file:/var/jenkins_home/workspace/robottxtservice_master-ETL2XKAMIY3Y7BITJJG6N6FNWIVCHQM3WT5JAWC6CJ7XZXSK2RCA/target/test-classes/com/pixalione/monetoring/v2/Robots/Core/], URL [file:/var/jenkins_home/workspace/robottxtservice_master-ETL2XKAMIY3Y7BITJJG6N6FNWIVCHQM3WT5JAWC6CJ7XZXSK2RCA/target/classes/com/pixalione/monetoring/v2/Robots/Core/]]
10:32:41.922 [main] DEBUG org.springframework.core.io.support.PathMatchingResourcePatternResolver - Looking for matching resources in directory tree [/var/jenkins_home/workspace/robottxtservice_master-ETL2XKAMIY3Y7BITJJG6N6FNWIVCHQM3WT5JAWC6CJ7XZXSK2RCA/target/test-classes/com/pixalione/monetoring/v2/Robots/Core]
10:32:41.922 [main] DEBUG org.springframework.core.io.support.PathMatchingResourcePatternResolver - Searching directory [/var/jenkins_home/workspace/robottxtservice_master-ETL2XKAMIY3Y7BITJJG6N6FNWIVCHQM3WT5JAWC6CJ7XZXSK2RCA/target/test-classes/com/pixalione/monetoring/v2/Robots/Core] for files matching pattern [/var/jenkins_home/workspace/robottxtservice_master-ETL2XKAMIY3Y7BITJJG6N6FNWIVCHQM3WT5JAWC6CJ7XZXSK2RCA/target/test-classes/com/pixalione/monetoring/v2/Robots/Core/*.class]
10:32:41.923 [main] DEBUG org.springframework.core.io.support.PathMatchingResourcePatternResolver - Looking for matching resources in directory tree [/var/jenkins_home/workspace/robottxtservice_master-ETL2XKAMIY3Y7BITJJG6N6FNWIVCHQM3WT5JAWC6CJ7XZXSK2RCA/target/classes/com/pixalione/monetoring/v2/Robots/Core]
10:32:41.923 [main] DEBUG org.springframework.core.io.support.PathMatchingResourcePatternResolver - Searching directory [/var/jenkins_home/workspace/robottxtservice_master-ETL2XKAMIY3Y7BITJJG6N6FNWIVCHQM3WT5JAWC6CJ7XZXSK2RCA/target/classes/com/pixalione/monetoring/v2/Robots/Core] for files matching pattern [/var/jenkins_home/workspace/robottxtservice_master-ETL2XKAMIY3Y7BITJJG6N6FNWIVCHQM3WT5JAWC6CJ7XZXSK2RCA/target/classes/com/pixalione/monetoring/v2/Robots/Core/*.class]
10:32:41.924 [main] DEBUG org.springframework.core.io.support.PathMatchingResourcePatternResolver - Resolved location pattern [classpath*:com/pixalione/monetoring/v2/Robots/Core/*.class] to resources [file [/var/jenkins_home/workspace/robottxtservice_master-ETL2XKAMIY3Y7BITJJG6N6FNWIVCHQM3WT5JAWC6CJ7XZXSK2RCA/target/test-classes/com/pixalione/monetoring/v2/Robots/Core/RobotParserLogicTest.class], file [/var/jenkins_home/workspace/robottxtservice_master-ETL2XKAMIY3Y7BITJJG6N6FNWIVCHQM3WT5JAWC6CJ7XZXSK2RCA/target/classes/com/pixalione/monetoring/v2/Robots/Core/RobotParserLogic.class], file [/var/jenkins_home/workspace/robottxtservice_master-ETL2XKAMIY3Y7BITJJG6N6FNWIVCHQM3WT5JAWC6CJ7XZXSK2RCA/target/classes/com/pixalione/monetoring/v2/Robots/Core/RobotsUtils.class], file [/var/jenkins_home/workspace/robottxtservice_master-ETL2XKAMIY3Y7BITJJG6N6FNWIVCHQM3WT5JAWC6CJ7XZXSK2RCA/target/classes/com/pixalione/monetoring/v2/Robots/Core/RulesUtils.class], file [/var/jenkins_home/workspace/robottxtservice_master-ETL2XKAMIY3Y7BITJJG6N6FNWIVCHQM3WT5JAWC6CJ7XZXSK2RCA/target/classes/com/pixalione/monetoring/v2/Robots/Core/SiteMapParserLogic.class], file [/var/jenkins_home/workspace/robottxtservice_master-ETL2XKAMIY3Y7BITJJG6N6FNWIVCHQM3WT5JAWC6CJ7XZXSK2RCA/target/classes/com/pixalione/monetoring/v2/Robots/Core/UserAgentParserLogic.class], file [/var/jenkins_home/workspace/robottxtservice_master-ETL2XKAMIY3Y7BITJJG6N6FNWIVCHQM3WT5JAWC6CJ7XZXSK2RCA/target/classes/com/pixalione/monetoring/v2/Robots/Core/UserAgentUtils.class]]
10:32:41.930 [main] DEBUG org.springframework.core.io.support.PathMatchingResourcePatternResolver - Resolved classpath location [com/pixalione/monetoring/v2/Robots/] to resources [URL [file:/var/jenkins_home/workspace/robottxtservice_master-ETL2XKAMIY3Y7BITJJG6N6FNWIVCHQM3WT5JAWC6CJ7XZXSK2RCA/target/test-classes/com/pixalione/monetoring/v2/Robots/], URL [file:/var/jenkins_home/workspace/robottxtservice_master-ETL2XKAMIY3Y7BITJJG6N6FNWIVCHQM3WT5JAWC6CJ7XZXSK2RCA/target/classes/com/pixalione/monetoring/v2/Robots/]]
10:32:41.930 [main] DEBUG org.springframework.core.io.support.PathMatchingResourcePatternResolver - Looking for matching resources in directory tree [/var/jenkins_home/workspace/robottxtservice_master-ETL2XKAMIY3Y7BITJJG6N6FNWIVCHQM3WT5JAWC6CJ7XZXSK2RCA/target/test-classes/com/pixalione/monetoring/v2/Robots]
10:32:41.930 [main] DEBUG org.springframework.core.io.support.PathMatchingResourcePatternResolver - Searching directory [/var/jenkins_home/workspace/robottxtservice_master-ETL2XKAMIY3Y7BITJJG6N6FNWIVCHQM3WT5JAWC6CJ7XZXSK2RCA/target/test-classes/com/pixalione/monetoring/v2/Robots] for files matching pattern [/var/jenkins_home/workspace/robottxtservice_master-ETL2XKAMIY3Y7BITJJG6N6FNWIVCHQM3WT5JAWC6CJ7XZXSK2RCA/target/test-classes/com/pixalione/monetoring/v2/Robots/*.class]
10:32:41.930 [main] DEBUG org.springframework.core.io.support.PathMatchingResourcePatternResolver - Looking for matching resources in directory tree [/var/jenkins_home/workspace/robottxtservice_master-ETL2XKAMIY3Y7BITJJG6N6FNWIVCHQM3WT5JAWC6CJ7XZXSK2RCA/target/classes/com/pixalione/monetoring/v2/Robots]
10:32:41.931 [main] DEBUG org.springframework.core.io.support.PathMatchingResourcePatternResolver - Searching directory [/var/jenkins_home/workspace/robottxtservice_master-ETL2XKAMIY3Y7BITJJG6N6FNWIVCHQM3WT5JAWC6CJ7XZXSK2RCA/target/classes/com/pixalione/monetoring/v2/Robots] for files matching pattern [/var/jenkins_home/workspace/robottxtservice_master-ETL2XKAMIY3Y7BITJJG6N6FNWIVCHQM3WT5JAWC6CJ7XZXSK2RCA/target/classes/com/pixalione/monetoring/v2/Robots/*.class]
10:32:41.931 [main] DEBUG org.springframework.core.io.support.PathMatchingResourcePatternResolver - Resolved location pattern [classpath*:com/pixalione/monetoring/v2/Robots/*.class] to resources []
10:32:41.932 [main] DEBUG org.springframework.core.io.support.PathMatchingResourcePatternResolver - Resolved classpath location [com/pixalione/monetoring/v2/] to resources [URL [file:/var/jenkins_home/workspace/robottxtservice_master-ETL2XKAMIY3Y7BITJJG6N6FNWIVCHQM3WT5JAWC6CJ7XZXSK2RCA/target/test-classes/com/pixalione/monetoring/v2/], URL [file:/var/jenkins_home/workspace/robottxtservice_master-ETL2XKAMIY3Y7BITJJG6N6FNWIVCHQM3WT5JAWC6CJ7XZXSK2RCA/target/classes/com/pixalione/monetoring/v2/]]
10:32:41.932 [main] DEBUG org.springframework.core.io.support.PathMatchingResourcePatternResolver - Looking for matching resources in directory tree [/var/jenkins_home/workspace/robottxtservice_master-ETL2XKAMIY3Y7BITJJG6N6FNWIVCHQM3WT5JAWC6CJ7XZXSK2RCA/target/test-classes/com/pixalione/monetoring/v2]
10:32:41.932 [main] DEBUG org.springframework.core.io.support.PathMatchingResourcePatternResolver - Searching directory [/var/jenkins_home/workspace/robottxtservice_master-ETL2XKAMIY3Y7BITJJG6N6FNWIVCHQM3WT5JAWC6CJ7XZXSK2RCA/target/test-classes/com/pixalione/monetoring/v2] for files matching pattern [/var/jenkins_home/workspace/robottxtservice_master-ETL2XKAMIY3Y7BITJJG6N6FNWIVCHQM3WT5JAWC6CJ7XZXSK2RCA/target/test-classes/com/pixalione/monetoring/v2/*.class]
10:32:41.933 [main] DEBUG org.springframework.core.io.support.PathMatchingResourcePatternResolver - Looking for matching resources in directory tree [/var/jenkins_home/workspace/robottxtservice_master-ETL2XKAMIY3Y7BITJJG6N6FNWIVCHQM3WT5JAWC6CJ7XZXSK2RCA/target/classes/com/pixalione/monetoring/v2]
10:32:41.933 [main] DEBUG org.springframework.core.io.support.PathMatchingResourcePatternResolver - Searching directory [/var/jenkins_home/workspace/robottxtservice_master-ETL2XKAMIY3Y7BITJJG6N6FNWIVCHQM3WT5JAWC6CJ7XZXSK2RCA/target/classes/com/pixalione/monetoring/v2] for files matching pattern [/var/jenkins_home/workspace/robottxtservice_master-ETL2XKAMIY3Y7BITJJG6N6FNWIVCHQM3WT5JAWC6CJ7XZXSK2RCA/target/classes/com/pixalione/monetoring/v2/*.class]
10:32:41.933 [main] DEBUG org.springframework.core.io.support.PathMatchingResourcePatternResolver - Resolved location pattern [classpath*:com/pixalione/monetoring/v2/*.class] to resources [file [/var/jenkins_home/workspace/robottxtservice_master-ETL2XKAMIY3Y7BITJJG6N6FNWIVCHQM3WT5JAWC6CJ7XZXSK2RCA/target/test-classes/com/pixalione/monetoring/v2/RobotsTxtApplicationTest.class], file [/var/jenkins_home/workspace/robottxtservice_master-ETL2XKAMIY3Y7BITJJG6N6FNWIVCHQM3WT5JAWC6CJ7XZXSK2RCA/target/classes/com/pixalione/monetoring/v2/RobotsTxtApplication.class]]
10:32:41.935 [main] DEBUG org.springframework.context.annotation.ClassPathScanningCandidateComponentProvider - Identified candidate component class: file [/var/jenkins_home/workspace/robottxtservice_master-ETL2XKAMIY3Y7BITJJG6N6FNWIVCHQM3WT5JAWC6CJ7XZXSK2RCA/target/classes/com/pixalione/monetoring/v2/RobotsTxtApplication.class]
10:32:41.935 [main] INFO org.springframework.boot.test.context.SpringBootTestContextBootstrapper - Found @SpringBootConfiguration com.pixalione.monetoring.v2.RobotsTxtApplication for test class com.pixalione.monetoring.v2.Robots.Core.RobotParserLogicTest
10:32:41.937 [main] DEBUG org.springframework.boot.test.context.SpringBootTestContextBootstrapper - @TestExecutionListeners is not present for class [com.pixalione.monetoring.v2.Robots.Core.RobotParserLogicTest]: using defaults.
10:32:41.939 [main] INFO org.springframework.boot.test.context.SpringBootTestContextBootstrapper - Loaded default TestExecutionListener class names from location [META-INF/spring.factories]: [org.springframework.boot.test.mock.mockito.MockitoTestExecutionListener, org.springframework.boot.test.mock.mockito.ResetMocksTestExecutionListener, org.springframework.boot.test.autoconfigure.restdocs.RestDocsTestExecutionListener, org.springframework.boot.test.autoconfigure.web.client.MockRestServiceServerResetTestExecutionListener, org.springframework.boot.test.autoconfigure.web.servlet.MockMvcPrintOnlyOnFailureTestExecutionListener, org.springframework.boot.test.autoconfigure.web.servlet.WebDriverTestExecutionListener, org.springframework.test.context.web.ServletTestExecutionListener, org.springframework.test.context.support.DirtiesContextBeforeModesTestExecutionListener, org.springframework.test.context.support.DependencyInjectionTestExecutionListener, org.springframework.test.context.support.DirtiesContextTestExecutionListener, org.springframework.test.context.transaction.TransactionalTestExecutionListener, org.springframework.test.context.jdbc.SqlScriptsTestExecutionListener]
10:32:41.943 [main] INFO org.springframework.boot.test.context.SpringBootTestContextBootstrapper - Using TestExecutionListeners: [org.springframework.test.context.web.ServletTestExecutionListener@709ba3fb, org.springframework.test.context.support.DirtiesContextBeforeModesTestExecutionListener@3d36e4cd, org.springframework.boot.test.autoconfigure.SpringBootDependencyInjectionTestExecutionListener@6a472554, org.springframework.test.context.support.DirtiesContextTestExecutionListener@7ff2a664, org.springframework.test.context.transaction.TransactionalTestExecutionListener@525b461a, org.springframework.test.context.jdbc.SqlScriptsTestExecutionListener@58c1c010, org.springframework.boot.test.autoconfigure.web.servlet.MockMvcPrintOnlyOnFailureTestExecutionListener@b7f23d9, org.springframework.boot.test.autoconfigure.restdocs.RestDocsTestExecutionListener@61d47554, org.springframework.boot.test.mock.mockito.ResetMocksTestExecutionListener@69b794e2, org.springframework.boot.test.autoconfigure.web.servlet.WebDriverTestExecutionListener@3f200884, org.springframework.boot.test.autoconfigure.web.client.MockRestServiceServerResetTestExecutionListener@4d339552, org.springframework.boot.test.mock.mockito.MockitoTestExecutionListener@f0f2775]
10:32:41.945 [main] DEBUG org.springframework.test.annotation.ProfileValueUtils - Retrieved @ProfileValueSourceConfiguration [null] for test class [com.pixalione.monetoring.v2.RobotsTxtApplicationTest]
10:32:41.945 [main] DEBUG org.springframework.test.annotation.ProfileValueUtils - Retrieved ProfileValueSource type [class org.springframework.test.annotation.SystemProfileValueSource] for class [com.pixalione.monetoring.v2.RobotsTxtApplicationTest]
10:32:41.946 [main] DEBUG org.springframework.test.annotation.ProfileValueUtils - Retrieved @ProfileValueSourceConfiguration [null] for test class [com.pixalione.monetoring.v2.Robots.Core.RobotParserLogicTest]
10:32:41.946 [main] DEBUG org.springframework.test.annotation.ProfileValueUtils - Retrieved ProfileValueSource type [class org.springframework.test.annotation.SystemProfileValueSource] for class [com.pixalione.monetoring.v2.Robots.Core.RobotParserLogicTest]
Running com.pixalione.monetoring.v2.RobotsTxtApplicationTest
10:32:41.948 [main] DEBUG org.springframework.test.context.junit4.SpringJUnit4ClassRunner - SpringJUnit4ClassRunner constructor called with [class com.pixalione.monetoring.v2.RobotsTxtApplicationTest]
10:32:41.948 [main] DEBUG org.springframework.test.context.BootstrapUtils - Instantiating CacheAwareContextLoaderDelegate from class [org.springframework.test.context.cache.DefaultCacheAwareContextLoaderDelegate]
10:32:41.948 [main] DEBUG org.springframework.test.context.BootstrapUtils - Instantiating BootstrapContext using constructor [public org.springframework.test.context.support.DefaultBootstrapContext(java.lang.Class,org.springframework.test.context.CacheAwareContextLoaderDelegate)]
10:32:41.948 [main] DEBUG org.springframework.test.context.BootstrapUtils - Instantiating TestContextBootstrapper for test class [com.pixalione.monetoring.v2.RobotsTxtApplicationTest] from class [org.springframework.boot.test.context.SpringBootTestContextBootstrapper]
10:32:41.949 [main] INFO org.springframework.boot.test.context.SpringBootTestContextBootstrapper - Neither @ContextConfiguration nor @ContextHierarchy found for test class [com.pixalione.monetoring.v2.RobotsTxtApplicationTest], using SpringBootContextLoader
10:32:41.949 [main] DEBUG org.springframework.test.context.support.AbstractContextLoader - Did not detect default resource location for test class [com.pixalione.monetoring.v2.RobotsTxtApplicationTest]: class path resource [com/pixalione/monetoring/v2/RobotsTxtApplicationTest-context.xml] does not exist
10:32:41.950 [main] DEBUG org.springframework.test.context.support.AbstractContextLoader - Did not detect default resource location for test class [com.pixalione.monetoring.v2.RobotsTxtApplicationTest]: class path resource [com/pixalione/monetoring/v2/RobotsTxtApplicationTestContext.groovy] does not exist
10:32:41.950 [main] INFO org.springframework.test.context.support.AbstractContextLoader - Could not detect default resource locations for test class [com.pixalione.monetoring.v2.RobotsTxtApplicationTest]: no resource found for suffixes {-context.xml, Context.groovy}.
10:32:41.950 [main] INFO org.springframework.test.context.support.AnnotationConfigContextLoaderUtils - Could not detect default configuration classes for test class [com.pixalione.monetoring.v2.RobotsTxtApplicationTest]: RobotsTxtApplicationTest does not declare any static, non-private, non-final, nested classes annotated with @Configuration.
10:32:41.953 [main] DEBUG org.springframework.test.context.support.ActiveProfilesUtils - Could not find an 'annotation declaring class' for annotation type [org.springframework.test.context.ActiveProfiles] and class [com.pixalione.monetoring.v2.RobotsTxtApplicationTest]
10:32:41.953 [main] DEBUG org.springframework.core.env.StandardEnvironment - Adding [systemProperties] PropertySource with lowest search precedence
10:32:41.953 [main] DEBUG org.springframework.core.env.StandardEnvironment - Adding [systemEnvironment] PropertySource with lowest search precedence
10:32:41.953 [main] DEBUG org.springframework.core.env.StandardEnvironment - Initialized StandardEnvironment with PropertySources [systemProperties,systemEnvironment]
10:32:41.954 [main] INFO org.springframework.boot.test.context.SpringBootTestContextBootstrapper - Found @SpringBootConfiguration com.pixalione.monetoring.v2.RobotsTxtApplication for test class com.pixalione.monetoring.v2.RobotsTxtApplicationTest
10:32:41.955 [main] DEBUG org.springframework.boot.test.context.SpringBootTestContextBootstrapper - @TestExecutionListeners is not present for class [com.pixalione.monetoring.v2.RobotsTxtApplicationTest]: using defaults.
10:32:41.956 [main] INFO org.springframework.boot.test.context.SpringBootTestContextBootstrapper - Loaded default TestExecutionListener class names from location [META-INF/spring.factories]: [org.springframework.boot.test.mock.mockito.MockitoTestExecutionListener, org.springframework.boot.test.mock.mockito.ResetMocksTestExecutionListener, org.springframework.boot.test.autoconfigure.restdocs.RestDocsTestExecutionListener, org.springframework.boot.test.autoconfigure.web.client.MockRestServiceServerResetTestExecutionListener, org.springframework.boot.test.autoconfigure.web.servlet.MockMvcPrintOnlyOnFailureTestExecutionListener, org.springframework.boot.test.autoconfigure.web.servlet.WebDriverTestExecutionListener, org.springframework.test.context.web.ServletTestExecutionListener, org.springframework.test.context.support.DirtiesContextBeforeModesTestExecutionListener, org.springframework.test.context.support.DependencyInjectionTestExecutionListener, org.springframework.test.context.support.DirtiesContextTestExecutionListener, org.springframework.test.context.transaction.TransactionalTestExecutionListener, org.springframework.test.context.jdbc.SqlScriptsTestExecutionListener]
10:32:41.959 [main] INFO org.springframework.boot.test.context.SpringBootTestContextBootstrapper - Using TestExecutionListeners: [org.springframework.test.context.web.ServletTestExecutionListener@5ea434c8, org.springframework.test.context.support.DirtiesContextBeforeModesTestExecutionListener@3bbc39f8, org.springframework.boot.test.autoconfigure.SpringBootDependencyInjectionTestExecutionListener@4ae3c1cd, org.springframework.test.context.support.DirtiesContextTestExecutionListener@29f69090, org.springframework.test.context.transaction.TransactionalTestExecutionListener@568bf312, org.springframework.test.context.jdbc.SqlScriptsTestExecutionListener@ca263c2, org.springframework.boot.test.autoconfigure.web.servlet.MockMvcPrintOnlyOnFailureTestExecutionListener@589b3632, org.springframework.boot.test.autoconfigure.restdocs.RestDocsTestExecutionListener@45f45fa1, org.springframework.boot.test.mock.mockito.ResetMocksTestExecutionListener@4c6e276e, org.springframework.boot.test.autoconfigure.web.servlet.WebDriverTestExecutionListener@534df152, org.springframework.boot.test.autoconfigure.web.client.MockRestServiceServerResetTestExecutionListener@52e677af, org.springframework.boot.test.mock.mockito.MockitoTestExecutionListener@35083305]
10:32:41.959 [main] DEBUG org.springframework.test.annotation.ProfileValueUtils - Retrieved @ProfileValueSourceConfiguration [null] for test class [com.pixalione.monetoring.v2.RobotsTxtApplicationTest]
10:32:41.960 [main] DEBUG org.springframework.test.annotation.ProfileValueUtils - Retrieved ProfileValueSource type [class org.springframework.test.annotation.SystemProfileValueSource] for class [com.pixalione.monetoring.v2.RobotsTxtApplicationTest]
10:32:41.960 [main] DEBUG org.springframework.test.annotation.ProfileValueUtils - Retrieved @ProfileValueSourceConfiguration [null] for test class [com.pixalione.monetoring.v2.RobotsTxtApplicationTest]
10:32:41.960 [main] DEBUG org.springframework.test.annotation.ProfileValueUtils - Retrieved ProfileValueSource type [class org.springframework.test.annotation.SystemProfileValueSource] for class [com.pixalione.monetoring.v2.RobotsTxtApplicationTest]
10:32:41.964 [main] DEBUG org.springframework.test.context.support.AbstractDirtiesContextTestExecutionListener - Before test class: context [DefaultTestContext@2893de87 testClass = RobotsTxtApplicationTest, testInstance = [null], testMethod = [null], testException = [null], mergedContextConfiguration = [WebMergedContextConfiguration@55ca8de8 testClass = RobotsTxtApplicationTest, locations = '{}', classes = '{class com.pixalione.monetoring.v2.RobotsTxtApplication}', contextInitializerClasses = '[]', activeProfiles = '{}', propertySourceLocations = '{}', propertySourceProperties = '{org.springframework.boot.test.context.SpringBootTestContextBootstrapper=true}', contextCustomizers = set[org.springframework.boot.test.context.SpringBootTestContextCustomizer@2b2948e2, org.springframework.boot.test.context.filter.ExcludeFilterContextCustomizer@3b0143d3, org.springframework.boot.test.mock.mockito.MockitoContextCustomizer@0, org.springframework.boot.test.autoconfigure.properties.PropertyMappingContextCustomizer@0, org.springframework.boot.test.autoconfigure.web.servlet.WebDriverContextCustomizerFactory$Customizer@79be0360], resourceBasePath = 'src/main/webapp', contextLoader = 'org.springframework.boot.test.context.SpringBootContextLoader', parent = [null]]], class annotated with @DirtiesContext [false] with mode [null].
10:32:41.964 [main] DEBUG org.springframework.test.annotation.ProfileValueUtils - Retrieved @ProfileValueSourceConfiguration [null] for test class [com.pixalione.monetoring.v2.RobotsTxtApplicationTest]
10:32:41.964 [main] DEBUG org.springframework.test.annotation.ProfileValueUtils - Retrieved ProfileValueSource type [class org.springframework.test.annotation.SystemProfileValueSource] for class [com.pixalione.monetoring.v2.RobotsTxtApplicationTest]
10:32:42.026 [main] DEBUG org.springframework.core.env.StandardEnvironment - Adding [systemProperties] PropertySource with lowest search precedence
10:32:42.026 [main] DEBUG org.springframework.core.env.StandardEnvironment - Adding [systemEnvironment] PropertySource with lowest search precedence
10:32:42.026 [main] DEBUG org.springframework.core.env.StandardEnvironment - Initialized StandardEnvironment with PropertySources [systemProperties,systemEnvironment]
10:32:42.027 [main] DEBUG org.springframework.test.context.support.TestPropertySourceUtils - Adding inlined properties to environment: {spring.jmx.enabled=false, org.springframework.boot.test.context.SpringBootTestContextBootstrapper=true, server.port=-1}
10:32:42.028 [main] DEBUG org.springframework.core.env.StandardEnvironment - Adding [Inlined Test Properties] PropertySource with highest search precedence

  .   ____          _            __ _ _
 /\\ / ___'_ __ _ _(_)_ __  __ _ \ \ \ \
( ( )\___ | '_ | '_| | '_ \/ _` | \ \ \ \
 \\/  ___)| |_)| | | | | || (_| |  ) ) ) )
  '  |____| .__|_| |_|_| |_\__, | / / / /
 =========|_|==============|___/=/_/_/_/
 :: Spring Boot ::        (v1.4.3.RELEASE)

2018-04-17 10:32:42.730  INFO 19747 --- [           main] c.p.m.v2.RobotsTxtApplicationTest        : Starting RobotsTxtApplicationTest on 58305515bd83 with PID 19747 (started by root in /var/jenkins_home/workspace/robottxtservice_master-ETL2XKAMIY3Y7BITJJG6N6FNWIVCHQM3WT5JAWC6CJ7XZXSK2RCA)
2018-04-17 10:32:42.732  INFO 19747 --- [           main] c.p.m.v2.RobotsTxtApplicationTest        : No active profile set, falling back to default profiles: default
2018-04-17 10:32:42.793  INFO 19747 --- [           main] o.s.w.c.s.GenericWebApplicationContext   : Refreshing org.springframework.web.context.support.GenericWebApplicationContext@4bd31064: startup date [Tue Apr 17 10:32:42 UTC 2018]; root of context hierarchy
2018-04-17 10:32:43.782  INFO 19747 --- [           main] o.s.b.f.s.DefaultListableBeanFactory     : Overriding bean definition for bean 'mongo' with a different definition: replacing [Root bean: class [null]; scope=; abstract=false; lazyInit=false; autowireMode=3; dependencyCheck=0; autowireCandidate=true; primary=false; factoryBeanName=mongoConfig; factoryMethodName=mongo; initMethodName=null; destroyMethodName=(inferred); defined in class path resource [com/pixalione/monetoring/v2/Robots/Config/MongoConfig.class]] with [Root bean: class [null]; scope=; abstract=false; lazyInit=false; autowireMode=3; dependencyCheck=0; autowireCandidate=true; primary=false; factoryBeanName=org.springframework.boot.autoconfigure.mongo.MongoAutoConfiguration; factoryMethodName=mongo; initMethodName=null; destroyMethodName=(inferred); defined in class path resource [org/springframework/boot/autoconfigure/mongo/MongoAutoConfiguration.class]]
2018-04-17 10:32:44.777  INFO 19747 --- [           main] org.mongodb.driver.cluster               : Cluster created with settings {hosts=[213.32.75.99:27017], mode=MULTIPLE, requiredClusterType=UNKNOWN, serverSelectionTimeout='30000 ms', maxWaitQueueSize=500}
2018-04-17 10:32:44.777  INFO 19747 --- [           main] org.mongodb.driver.cluster               : Adding discovered server 213.32.75.99:27017 to client view of cluster
2018-04-17 10:32:45.028  INFO 19747 --- [.32.75.99:27017] org.mongodb.driver.connection            : Opened connection [connectionId{localValue:1, serverValue:638}] to 213.32.75.99:27017
2018-04-17 10:32:45.031  INFO 19747 --- [.32.75.99:27017] org.mongodb.driver.cluster               : Monitor thread successfully connected to server with description ServerDescription{address=213.32.75.99:27017, type=STANDALONE, state=CONNECTED, ok=true, version=ServerVersion{versionList=[3, 4, 14]}, minWireVersion=0, maxWireVersion=5, maxDocumentSize=16777216, logicalSessionTimeoutMinutes=null, roundTripTimeNanos=1220457}
2018-04-17 10:32:45.032  INFO 19747 --- [.32.75.99:27017] org.mongodb.driver.cluster               : Discovered cluster type of STANDALONE
2018-04-17 10:32:45.081  INFO 19747 --- [           main] org.mongodb.driver.connection            : Opened connection [connectionId{localValue:2, serverValue:639}] to 213.32.75.99:27017
2018-04-17 10:32:45.748  INFO 19747 --- [           main] s.w.s.m.m.a.RequestMappingHandlerMapping : Mapped "{[/parseRobotTxts],methods=[POST]}" onto public java.util.Collection<com.pixalione.monetoring.v2.Robots.Models.Robot> com.pixalione.monetoring.v2.Robots.Controller.RobotTxtController.parseRobotsTxts(java.util.Set<java.lang.String>,int,int,java.lang.String,boolean,boolean)
2018-04-17 10:32:45.749  INFO 19747 --- [           main] s.w.s.m.m.a.RequestMappingHandlerMapping : Mapped "{[/parseRobotTxt],methods=[GET]}" onto public com.pixalione.monetoring.v2.Robots.Models.Robot com.pixalione.monetoring.v2.Robots.Controller.RobotTxtController.parseRobotTxt(int,int,java.lang.String,java.lang.String,boolean,boolean)
2018-04-17 10:32:45.750  INFO 19747 --- [           main] s.w.s.m.m.a.RequestMappingHandlerMapping : Mapped "{[/isAllowed],methods=[GET]}" onto public boolean com.pixalione.monetoring.v2.Robots.Controller.RulesController.isAllowed(int,int,java.lang.String,java.lang.String,java.lang.String)
2018-04-17 10:32:45.752  INFO 19747 --- [           main] s.w.s.m.m.a.RequestMappingHandlerMapping : Mapped "{[/parseSiteMaps],methods=[GET]}" onto public java.util.Set<com.pixalione.monetoring.v2.Robots.Models.SiteMap> com.pixalione.monetoring.v2.Robots.Controller.SiteMapController.getSiteMaps(int,int,java.lang.String,java.lang.String,boolean,boolean)
2018-04-17 10:32:45.753  INFO 19747 --- [           main] s.w.s.m.m.a.RequestMappingHandlerMapping : Mapped "{[/AsyncParseSiteMaps],methods=[GET]}" onto public java.util.Set<com.pixalione.monetoring.v2.Robots.Models.SiteMap> com.pixalione.monetoring.v2.Robots.Controller.SiteMapController.getAsyncSiteMaps(int,int,java.lang.String,java.lang.String,boolean,boolean)
2018-04-17 10:32:45.753  INFO 19747 --- [           main] s.w.s.m.m.a.RequestMappingHandlerMapping : Mapped "{[/setValidSiteMap],methods=[POST]}" onto public com.pixalione.monetoring.v2.Robots.Models.Robot com.pixalione.monetoring.v2.Robots.Controller.SiteMapController.setValidSiteMap(int,int,java.lang.String,java.util.Set<com.pixalione.monetoring.v2.Robots.Models.SiteMap>)
2018-04-17 10:32:45.753  INFO 19747 --- [           main] s.w.s.m.m.a.RequestMappingHandlerMapping : Mapped "{[/ParseSiteMap],methods=[POST]}" onto public java.util.Set<java.lang.String> com.pixalione.monetoring.v2.Robots.Controller.SiteMapController.ParseSiteMap(java.lang.String)
2018-04-17 10:32:45.754  INFO 19747 --- [           main] s.w.s.m.m.a.RequestMappingHandlerMapping : Mapped "{[/v2/api-docs],methods=[GET],produces=[application/json || application/hal+json]}" onto public org.springframework.http.ResponseEntity<springfox.documentation.spring.web.json.Json> springfox.documentation.swagger2.web.Swagger2Controller.getDocumentation(java.lang.String,javax.servlet.http.HttpServletRequest)
2018-04-17 10:32:45.757  INFO 19747 --- [           main] s.w.s.m.m.a.RequestMappingHandlerMapping : Mapped "{[/configuration/security]}" onto org.springframework.http.ResponseEntity<springfox.documentation.swagger.web.SecurityConfiguration> springfox.documentation.swagger.web.ApiResourceController.securityConfiguration()
2018-04-17 10:32:45.758  INFO 19747 --- [           main] s.w.s.m.m.a.RequestMappingHandlerMapping : Mapped "{[/configuration/ui]}" onto org.springframework.http.ResponseEntity<springfox.documentation.swagger.web.UiConfiguration> springfox.documentation.swagger.web.ApiResourceController.uiConfiguration()
2018-04-17 10:32:45.759  INFO 19747 --- [           main] s.w.s.m.m.a.RequestMappingHandlerMapping : Mapped "{[/swagger-resources]}" onto org.springframework.http.ResponseEntity<java.util.List<springfox.documentation.swagger.web.SwaggerResource>> springfox.documentation.swagger.web.ApiResourceController.swaggerResources()
2018-04-17 10:32:45.766  INFO 19747 --- [           main] s.w.s.m.m.a.RequestMappingHandlerMapping : Mapped "{[/error],produces=[text/html]}" onto public org.springframework.web.servlet.ModelAndView org.springframework.boot.autoconfigure.web.BasicErrorController.errorHtml(javax.servlet.http.HttpServletRequest,javax.servlet.http.HttpServletResponse)
2018-04-17 10:32:45.767  INFO 19747 --- [           main] s.w.s.m.m.a.RequestMappingHandlerMapping : Mapped "{[/error]}" onto public org.springframework.http.ResponseEntity<java.util.Map<java.lang.String, java.lang.Object>> org.springframework.boot.autoconfigure.web.BasicErrorController.error(javax.servlet.http.HttpServletRequest)
2018-04-17 10:32:46.271  INFO 19747 --- [           main] s.w.s.m.m.a.RequestMappingHandlerAdapter : Looking for @ControllerAdvice: org.springframework.web.context.support.GenericWebApplicationContext@4bd31064: startup date [Tue Apr 17 10:32:42 UTC 2018]; root of context hierarchy
2018-04-17 10:32:46.316  INFO 19747 --- [           main] o.s.w.s.handler.SimpleUrlHandlerMapping  : Mapped URL path [/webjars/**] onto handler of type [class org.springframework.web.servlet.resource.ResourceHttpRequestHandler]
2018-04-17 10:32:46.316  INFO 19747 --- [           main] o.s.w.s.handler.SimpleUrlHandlerMapping  : Mapped URL path [/**] onto handler of type [class org.springframework.web.servlet.resource.ResourceHttpRequestHandler]
2018-04-17 10:32:46.363  INFO 19747 --- [           main] o.s.w.s.handler.SimpleUrlHandlerMapping  : Mapped URL path [/**/favicon.ico] onto handler of type [class org.springframework.web.servlet.resource.ResourceHttpRequestHandler]
2018-04-17 10:32:46.578  INFO 19747 --- [           main] d.s.w.p.DocumentationPluginsBootstrapper : Context refreshed
2018-04-17 10:32:46.599  INFO 19747 --- [           main] d.s.w.p.DocumentationPluginsBootstrapper : Found 1 custom documentation plugin(s)
2018-04-17 10:32:46.608  INFO 19747 --- [           main] s.d.s.w.s.ApiListingReferenceScanner     : Scanning for api listing references
2018-04-17 10:32:46.828  INFO 19747 --- [           main] c.p.m.v2.RobotsTxtApplicationTest        : Started RobotsTxtApplicationTest in 4.792 seconds (JVM running for 5.646)
Tests run: 1, Failures: 0, Errors: 0, Skipped: 0, Time elapsed: 4.915 sec - in com.pixalione.monetoring.v2.RobotsTxtApplicationTest
Running com.pixalione.monetoring.v2.Robots.Core.RobotParserLogicTest
2018-04-17 10:32:46.869  INFO 19747 --- [           main] .b.t.c.SpringBootTestContextBootstrapper : Neither @ContextConfiguration nor @ContextHierarchy found for test class [com.pixalione.monetoring.v2.Robots.Core.RobotParserLogicTest], using SpringBootContextLoader
2018-04-17 10:32:46.870  INFO 19747 --- [           main] o.s.t.c.support.AbstractContextLoader    : Could not detect default resource locations for test class [com.pixalione.monetoring.v2.Robots.Core.RobotParserLogicTest]: no resource found for suffixes {-context.xml, Context.groovy}.
2018-04-17 10:32:46.870  INFO 19747 --- [           main] t.c.s.AnnotationConfigContextLoaderUtils : Could not detect default configuration classes for test class [com.pixalione.monetoring.v2.Robots.Core.RobotParserLogicTest]: RobotParserLogicTest does not declare any static, non-private, non-final, nested classes annotated with @Configuration.
2018-04-17 10:32:46.875  INFO 19747 --- [           main] .b.t.c.SpringBootTestContextBootstrapper : Found @SpringBootConfiguration com.pixalione.monetoring.v2.RobotsTxtApplication for test class com.pixalione.monetoring.v2.Robots.Core.RobotParserLogicTest
2018-04-17 10:32:46.878  INFO 19747 --- [           main] .b.t.c.SpringBootTestContextBootstrapper : Loaded default TestExecutionListener class names from location [META-INF/spring.factories]: [org.springframework.boot.test.mock.mockito.MockitoTestExecutionListener, org.springframework.boot.test.mock.mockito.ResetMocksTestExecutionListener, org.springframework.boot.test.autoconfigure.restdocs.RestDocsTestExecutionListener, org.springframework.boot.test.autoconfigure.web.client.MockRestServiceServerResetTestExecutionListener, org.springframework.boot.test.autoconfigure.web.servlet.MockMvcPrintOnlyOnFailureTestExecutionListener, org.springframework.boot.test.autoconfigure.web.servlet.WebDriverTestExecutionListener, org.springframework.test.context.web.ServletTestExecutionListener, org.springframework.test.context.support.DirtiesContextBeforeModesTestExecutionListener, org.springframework.test.context.support.DependencyInjectionTestExecutionListener, org.springframework.test.context.support.DirtiesContextTestExecutionListener, org.springframework.test.context.transaction.TransactionalTestExecutionListener, org.springframework.test.context.jdbc.SqlScriptsTestExecutionListener]
2018-04-17 10:32:46.884  INFO 19747 --- [           main] .b.t.c.SpringBootTestContextBootstrapper : Using TestExecutionListeners: [org.springframework.test.context.web.ServletTestExecutionListener@3d0352, org.springframework.test.context.support.DirtiesContextBeforeModesTestExecutionListener@bb6f3f7, org.springframework.boot.test.autoconfigure.SpringBootDependencyInjectionTestExecutionListener@388f1258, org.springframework.test.context.support.DirtiesContextTestExecutionListener@62058742, org.springframework.test.context.transaction.TransactionalTestExecutionListener@aca2fc3, org.springframework.test.context.jdbc.SqlScriptsTestExecutionListener@36df4c26, org.springframework.boot.test.autoconfigure.web.servlet.MockMvcPrintOnlyOnFailureTestExecutionListener@76828577, org.springframework.boot.test.autoconfigure.restdocs.RestDocsTestExecutionListener@38732372, org.springframework.boot.test.mock.mockito.ResetMocksTestExecutionListener@639cb788, org.springframework.boot.test.autoconfigure.web.servlet.WebDriverTestExecutionListener@2fee69a1, org.springframework.boot.test.autoconfigure.web.client.MockRestServiceServerResetTestExecutionListener@4d25f816, org.springframework.boot.test.mock.mockito.MockitoTestExecutionListener@6c6c2a73]
2018-04-17 10:32:47.087  WARN 19747 --- [           main] c.p.m.v2.Robots.Core.RobotsUtils         : Please check the permission to access data on this server : https://www.historiae-secrets.com/robots.txt
# robots.txt automaticaly generated by PrestaShop e-commerce open-source solution # http://www.prestashop.com - http://www.prestashop.com/forums # This file is to prevent the crawling and indexing of certain parts # of your site by web crawlers and spiders run by sites like Yahoo! # and Google. By telling these "robots" where not to go on your site, # you save bandwidth and server resources. # For more information about the robots.txt standard, see: # http://www.robotstxt.org/robotstxt.html User-agent: * # Allow Directives Allow: */modules/*.css Allow: */modules/*.js # Private pages Disallow: /*?orderby= Disallow: /*?orderway= Disallow: /*?tag= Disallow: /*?id_currency= Disallow: /*?search_query= Disallow: /*?back= Disallow: /*?n= Disallow: /*&orderby= Disallow: /*&orderway= Disallow: /*&tag= Disallow: /*&id_currency= Disallow: /*&search_query= Disallow: /*&back= Disallow: /*&n= Disallow: /*controller=addresses Disallow: /*controller=address Disallow: /*controller=authentication Disallow: /*controller=cart Disallow: /*controller=discount Disallow: /*controller=footer Disallow: /*controller=get-file Disallow: /*controller=header Disallow: /*controller=history Disallow: /*controller=identity Disallow: /*controller=images.inc Disallow: /*controller=init Disallow: /*controller=my-account Disallow: /*controller=order Disallow: /*controller=order-opc Disallow: /*controller=order-slip Disallow: /*controller=order-detail Disallow: /*controller=order-follow Disallow: /*controller=order-return Disallow: /*controller=order-confirmation Disallow: /*controller=pagination Disallow: /*controller=password Disallow: /*controller=pdf-invoice Disallow: /*controller=pdf-order-return Disallow: /*controller=pdf-order-slip Disallow: /*controller=product-sort Disallow: /*controller=search Disallow: /*controller=statistics Disallow: /*controller=attachment Disallow: /*controller=guest-tracking # Directories Disallow: */classes/ Disallow: */config/ Disallow: */download/ Disallow: */mails/ Disallow: */modules/ Disallow: */translations/ Disallow: */tools/ # Files Disallow: /*recuperation-mot-de-passe Disallow: /*adresse Disallow: /*adresses Disallow: /*connexion Disallow: /*panier Disallow: /*reduction Disallow: /*historique-commandes Disallow: /*identite Disallow: /*mon-compte Disallow: /*suivi-commande Disallow: /*avoirs Disallow: /*commande Disallow: /*recherche Disallow: /*commande-rapide Disallow: /*suivi-commande-invite Disallow: /*confirmation-commande
Tests run: 1, Failures: 0, Errors: 0, Skipped: 0, Time elapsed: 0.329 sec - in com.pixalione.monetoring.v2.Robots.Core.RobotParserLogicTest
2018-04-17 10:32:47.208  INFO 19747 --- [       Thread-1] o.s.w.c.s.GenericWebApplicationContext   : Closing org.springframework.web.context.support.GenericWebApplicationContext@4bd31064: startup date [Tue Apr 17 10:32:42 UTC 2018]; root of context hierarchy
2018-04-17 10:32:47.223  INFO 19747 --- [       Thread-1] org.mongodb.driver.connection            : Closed connection [connectionId{localValue:2, serverValue:639}] to 213.32.75.99:27017 because the pool has been closed.

Results :

Tests run: 2, Failures: 0, Errors: 0, Skipped: 0

[INFO] 
[INFO] --- maven-jar-plugin:2.6:jar (default-jar) @ robottxt ---
[INFO] Building jar: /var/jenkins_home/workspace/robottxtservice_master-ETL2XKAMIY3Y7BITJJG6N6FNWIVCHQM3WT5JAWC6CJ7XZXSK2RCA/target/robottxt-0.0.1-SNAPSHOT.jar
[INFO] 
[INFO] --- spring-boot-maven-plugin:1.4.3.RELEASE:repackage (default) @ robottxt ---
[INFO] 
[INFO] --- dockerfile-maven-plugin:1.4.0:build (default) @ robottxt ---
[INFO] Building Docker context /var/jenkins_home/workspace/robottxtservice_master-ETL2XKAMIY3Y7BITJJG6N6FNWIVCHQM3WT5JAWC6CJ7XZXSK2RCA
[INFO] 
[INFO] Image will be built as robottxt:latest
[INFO] 
[INFO] Step 1/6 : FROM openjdk:8-jdk-alpine
[INFO] 
[INFO] Pulling from library/openjdk
[INFO] Digest: sha256:e82316151c501a2a0f73b3089da8dc867816470a464fcb191db9f88c2343ad53
[INFO] Status: Image is up to date for openjdk:8-jdk-alpine
[INFO]  ---> 224765a6bdbe
[INFO] Step 2/6 : VOLUME /tmp
[INFO] 
[INFO]  ---> Using cache
[INFO]  ---> ea6e1d43f07b
[INFO] Step 3/6 : ARG JAR_FILE
[INFO] 
[INFO]  ---> Using cache
[INFO]  ---> 3921928e2bd8
[INFO] Step 4/6 : ADD ${JAR_FILE} app.jar
[INFO] 
[INFO]  ---> eef538b65428
[INFO] Step 5/6 : EXPOSE 6060/tcp
[INFO] 
[INFO]  ---> Running in d7ebb9ce63d3
[INFO] Removing intermediate container d7ebb9ce63d3
[INFO]  ---> b1505060a03e
[INFO] Step 6/6 : ENTRYPOINT ["java","-Djava.security.egd=file:/dev/./urandom","-jar","/app.jar"]
[INFO] 
[INFO]  ---> Running in cae5ebaeb7ba
[INFO] Removing intermediate container cae5ebaeb7ba
[INFO]  ---> d689b153168f
[INFO] Successfully built d689b153168f
[INFO] Successfully tagged robottxt:latest
[INFO] 
[INFO] Detected build of image with id d689b153168f
[INFO] Building jar: /var/jenkins_home/workspace/robottxtservice_master-ETL2XKAMIY3Y7BITJJG6N6FNWIVCHQM3WT5JAWC6CJ7XZXSK2RCA/target/robottxt-0.0.1-SNAPSHOT-docker-info.jar
[INFO] Successfully built robottxt:latest
[INFO] ------------------------------------------------------------------------
[INFO] BUILD SUCCESS
[INFO] ------------------------------------------------------------------------
[INFO] Total time: 16.831 s
[INFO] Finished at: 2018-04-17T10:32:55Z
[INFO] Final Memory: 53M/857M
[INFO] ------------------------------------------------------------------------
