[nningcontent_service_master-HAGZYY2L7CXNFJORQV67KBU2Q3YWGWYGZWPQZN7EV2SIMJDPKEAQ] Running shell script
+ make SonarTest
[1;33m=> Testing With Sonar Server ...
[0m[INFO] Scanning for projects...
[INFO]                                                                         
[INFO] ------------------------------------------------------------------------
[INFO] Building cleanningcontent 0.0.1-SNAPSHOT
[INFO] ------------------------------------------------------------------------
[INFO] 
[INFO] --- sonar-maven-plugin:3.4.0.905:sonar (default-cli) @ cleanningcontent ---
[INFO] User cache: /root/.sonar/cache
[INFO] SonarQube version: 7.0.0
[INFO] Default locale: "en", source code encoding: "UTF-8"
[INFO] Publish mode
[INFO] Load global settings
[INFO] Load global settings (done) | time=123ms
[INFO] Server id: AWLNpaenYXGBWF_7PvT0
[INFO] User cache: /root/.sonar/cache
[INFO] Load plugins index
[INFO] Load plugins index (done) | time=81ms
[INFO] Load/download plugins
[INFO] Load/download plugins (done) | time=15ms
[INFO] Process project properties
[INFO] Load project repositories
[INFO] Load project repositories (done) | time=14ms
[INFO] Load quality profiles
[INFO] Load quality profiles (done) | time=410ms
[INFO] Load active rules
[INFO] Load active rules (done) | time=788ms
[INFO] Load metrics repository
[INFO] Load metrics repository (done) | time=30ms
[INFO] Project key: com.pixalione.monetoring.data_preprocessing:cleanningcontent
[INFO] -------------  Scan cleanningcontent
[INFO] Load server rules
[INFO] Load server rules (done) | time=50ms
[INFO] Base dir: /var/jenkins_home/workspace/nningcontent_service_master-HAGZYY2L7CXNFJORQV67KBU2Q3YWGWYGZWPQZN7EV2SIMJDPKEAQ
[INFO] Working dir: /var/jenkins_home/workspace/nningcontent_service_master-HAGZYY2L7CXNFJORQV67KBU2Q3YWGWYGZWPQZN7EV2SIMJDPKEAQ/target/sonar
[INFO] Source paths: pom.xml, src/main/java
[INFO] Test paths: src/test/java
[INFO] Source encoding: UTF-8, default locale: en
[INFO] Index files
[INFO] 34 files indexed
[INFO] Quality profile for java: Sonar way
[INFO] Quality profile for xml: Sonar way
[INFO] Sensor JavaSquidSensor [java]
[INFO] Configured Java source version (sonar.java.source): 8
[INFO] JavaClasspath initialization
[INFO] JavaClasspath initialization (done) | time=13ms
[INFO] JavaTestClasspath initialization
[INFO] JavaTestClasspath initialization (done) | time=2ms
[INFO] Java Main Files AST scan
[INFO] 22 source files to be analyzed
[INFO] Java Main Files AST scan (done) | time=2945ms
[INFO] Java Test Files AST scan
[INFO] 22/22 source files have been analyzed
[INFO] 11 source files to be analyzed
[INFO] 11/11 source files have been analyzed
[INFO] Java Test Files AST scan (done) | time=292ms
[INFO] Sensor JavaSquidSensor [java] (done) | time=3826ms
[INFO] Sensor SurefireSensor [java]
[INFO] parsing [/var/jenkins_home/workspace/nningcontent_service_master-HAGZYY2L7CXNFJORQV67KBU2Q3YWGWYGZWPQZN7EV2SIMJDPKEAQ/target/surefire-reports]
[INFO] Sensor SurefireSensor [java] (done) | time=349ms
[INFO] Sensor JaCoCoSensor [java]
[INFO] Sensor JaCoCoSensor [java] (done) | time=1ms
[INFO] Sensor SonarJavaXmlFileSensor [java]
[INFO] 1 source files to be analyzed
[INFO] Sensor SonarJavaXmlFileSensor [java] (done) | time=439ms
[INFO] 1/1 source files have been analyzed
[INFO] Sensor XML Sensor [xml]
[INFO] Sensor XML Sensor [xml] (done) | time=133ms
[INFO] Sensor Zero Coverage Sensor
[INFO] Sensor Zero Coverage Sensor (done) | time=45ms
[INFO] Sensor CPD Block Indexer
[INFO] Sensor CPD Block Indexer (done) | time=45ms
[INFO] SCM provider for this project is: git
[INFO] 34 files to be analyzed
[INFO] 34/34 files analyzed
[INFO] 10 files had no CPD blocks
[INFO] Calculating CPD for 12 files
[INFO] CPD calculation finished
[INFO] Analysis report generated in 103ms, dir size=226 KB
[INFO] Analysis reports compressed in 61ms, zip size=115 KB
[INFO] Analysis report uploaded in 248ms
[INFO] ANALYSIS SUCCESSFUL, you can browse http://213.32.75.99:9000/dashboard/index/com.pixalione.monetoring.data_preprocessing:cleanningcontent
[INFO] Note that you will be able to access the updated dashboard once the server has processed the submitted analysis report
[INFO] More about the report processing at http://213.32.75.99:9000/api/ce/task?id=AWLTGyq1gr_boLqFP8WP
[INFO] Task total time: 9.791 s
[INFO] ------------------------------------------------------------------------
[INFO] BUILD SUCCESS
[INFO] ------------------------------------------------------------------------
[INFO] Total time: 13.235 s
[INFO] Finished at: 2018-04-17T10:16:35+00:00
[INFO] Final Memory: 46M/1003M
[INFO] ------------------------------------------------------------------------
