Started
[Tue Apr 17 14:14:25 UTC 2018] Starting branch indexing...
 > git --version # timeout=10
using GIT_ASKPASS to set credentials Bitbucket server credentials
 > git ls-remote --symref https://AminePix@bitbucket.org/abhamza/keyword-relevancy.git # timeout=10
 > git rev-parse --is-inside-work-tree # timeout=10
Setting origin to https://AminePix@bitbucket.org/abhamza/keyword-relevancy.git
 > git config remote.origin.url https://AminePix@bitbucket.org/abhamza/keyword-relevancy.git # timeout=10
Fetching & pruning origin...
Fetching upstream changes from origin
 > git --version # timeout=10
using GIT_ASKPASS to set credentials Bitbucket server credentials
 > git fetch --tags --progress origin +refs/heads/*:refs/remotes/origin/* --prune
Listing remote references...
 > git config --get remote.origin.url # timeout=10
using GIT_ASKPASS to set credentials Bitbucket server credentials
 > git ls-remote -h https://AminePix@bitbucket.org/abhamza/keyword-relevancy.git # timeout=10
Checking branches...
  Checking branch Amine
      ‘Jenkinsfile’ not found
    Does not meet criteria
  Checking branch master
      ‘Jenkinsfile’ found
    Met criteria
No changes detected: master (still at 1b44451347884592ab3bfe95d9d5db5931b908a0)
Processed 2 branches
[Tue Apr 17 14:14:28 UTC 2018] Finished branch indexing. Indexing took 3.3 sec
Finished: SUCCESS
