[keyword-relevancy_master-FJG7XIFVQH3LEIKUG43GH7YSKIWDW4BUVXPPNQPTFMP3IHYSAJBA] Running shell script
+ make build
[1;33m=> Compiling and Building...
[0m[INFO] Scanning for projects...
[INFO]                                                                         
[INFO] ------------------------------------------------------------------------
[INFO] Building keyword-relevancy 0.0.1-SNAPSHOT
[INFO] ------------------------------------------------------------------------
[WARNING] The POM for com.monetoring.framework:monetoring-framework-center:jar:1.0 is missing, no dependency information available
[WARNING] The artifact xerces:xerces:jar:2.4.0 has been relocated to xerces:xercesImpl:jar:2.4.0
[INFO] 
[INFO] --- maven-resources-plugin:2.6:resources (default-resources) @ keyword-relevancy ---
[INFO] Using 'UTF-8' encoding to copy filtered resources.
[INFO] Copying 1 resource
[INFO] Copying 0 resource
[INFO] 
[INFO] --- maven-compiler-plugin:3.1:compile (default-compile) @ keyword-relevancy ---
[INFO] Changes detected - recompiling the module!
[INFO] Compiling 55 source files to /var/jenkins_home/workspace/keyword-relevancy_master-FJG7XIFVQH3LEIKUG43GH7YSKIWDW4BUVXPPNQPTFMP3IHYSAJBA/target/classes
[INFO] -------------------------------------------------------------
[WARNING] COMPILATION WARNING : 
[INFO] -------------------------------------------------------------
[WARNING] /var/jenkins_home/workspace/keyword-relevancy_master-FJG7XIFVQH3LEIKUG43GH7YSKIWDW4BUVXPPNQPTFMP3IHYSAJBA/src/main/java/com/pixalione/old/keywordrelevancy/src/utilities/GetGoogleContent.java: /var/jenkins_home/workspace/keyword-relevancy_master-FJG7XIFVQH3LEIKUG43GH7YSKIWDW4BUVXPPNQPTFMP3IHYSAJBA/src/main/java/com/pixalione/old/keywordrelevancy/src/utilities/GetGoogleContent.java uses or overrides a deprecated API.
[WARNING] /var/jenkins_home/workspace/keyword-relevancy_master-FJG7XIFVQH3LEIKUG43GH7YSKIWDW4BUVXPPNQPTFMP3IHYSAJBA/src/main/java/com/pixalione/old/keywordrelevancy/src/utilities/GetGoogleContent.java: Recompile with -Xlint:deprecation for details.
[WARNING] /var/jenkins_home/workspace/keyword-relevancy_master-FJG7XIFVQH3LEIKUG43GH7YSKIWDW4BUVXPPNQPTFMP3IHYSAJBA/src/main/java/com/pixalione/old/keywordrelevancy/src/kw_relevancy_google/KW_Relevancy_Google_Module.java: Some input files use unchecked or unsafe operations.
[WARNING] /var/jenkins_home/workspace/keyword-relevancy_master-FJG7XIFVQH3LEIKUG43GH7YSKIWDW4BUVXPPNQPTFMP3IHYSAJBA/src/main/java/com/pixalione/old/keywordrelevancy/src/kw_relevancy_google/KW_Relevancy_Google_Module.java: Recompile with -Xlint:unchecked for details.
[INFO] 4 warnings 
[INFO] -------------------------------------------------------------
[INFO] -------------------------------------------------------------
[ERROR] COMPILATION ERROR : 
[INFO] -------------------------------------------------------------
[ERROR] /var/jenkins_home/workspace/keyword-relevancy_master-FJG7XIFVQH3LEIKUG43GH7YSKIWDW4BUVXPPNQPTFMP3IHYSAJBA/src/main/java/com/pixalione/old/keywordrelevancy/src/utilities/Preprocess_words.java:[8,73] package com.pixalione.refact.keywordrelevancy.Service.PreprocesingStrings does not exist
[INFO] 1 error
[INFO] -------------------------------------------------------------
[INFO] ------------------------------------------------------------------------
[INFO] BUILD FAILURE
[INFO] ------------------------------------------------------------------------
[INFO] Total time: 3.452 s
[INFO] Finished at: 2018-04-17T15:25:17+00:00
[INFO] Final Memory: 43M/570M
[INFO] ------------------------------------------------------------------------
[ERROR] Failed to execute goal org.apache.maven.plugins:maven-compiler-plugin:3.1:compile (default-compile) on project keyword-relevancy: Compilation failure
[ERROR] /var/jenkins_home/workspace/keyword-relevancy_master-FJG7XIFVQH3LEIKUG43GH7YSKIWDW4BUVXPPNQPTFMP3IHYSAJBA/src/main/java/com/pixalione/old/keywordrelevancy/src/utilities/Preprocess_words.java:[8,73] package com.pixalione.refact.keywordrelevancy.Service.PreprocesingStrings does not exist
[ERROR] -> [Help 1]
[ERROR] 
[ERROR] To see the full stack trace of the errors, re-run Maven with the -e switch.
[ERROR] Re-run Maven using the -X switch to enable full debug logging.
[ERROR] 
[ERROR] For more information about the errors and possible solutions, please read the following articles:
[ERROR] [Help 1] http://cwiki.apache.org/confluence/display/MAVEN/MojoFailureException
Makefile:18: recipe for target 'build' failed
make: *** [build] Error 1
