Cloning the remote Git repository
Cloning with configured refspecs honoured and without tags
Cloning repository https://bitbucket.org/abhamza/keyword-relevancy-final/
 > git init /var/jenkins_home/workspace/origin-CKB6V4NV3DYUGDSHV2YQN5MYS4DWEYMEIWSFBVLVVK5ER6C3TM4Q # timeout=10
Fetching upstream changes from https://bitbucket.org/abhamza/keyword-relevancy-final/
 > git --version # timeout=10
using GIT_ASKPASS to set credentials Bitbucket server credentials
 > git fetch --no-tags --progress https://bitbucket.org/abhamza/keyword-relevancy-final/ +refs/heads/*:refs/remotes/origin/*
 > git config remote.origin.url https://bitbucket.org/abhamza/keyword-relevancy-final/ # timeout=10
 > git config --add remote.origin.fetch +refs/heads/*:refs/remotes/origin/* # timeout=10
 > git config remote.origin.url https://bitbucket.org/abhamza/keyword-relevancy-final/ # timeout=10
Cleaning workspace
 > git rev-parse --verify HEAD # timeout=10
No valid HEAD. Skipping the resetting
 > git clean -fdx # timeout=10
Fetching without tags
Fetching upstream changes from https://bitbucket.org/abhamza/keyword-relevancy-final/
using GIT_ASKPASS to set credentials Bitbucket server credentials
 > git fetch --no-tags --progress https://bitbucket.org/abhamza/keyword-relevancy-final/ +refs/heads/*:refs/remotes/origin/*
Checking out Revision eb3c96a8245463e80c93f4e77c3ffcf48c94fd10 (origin)
 > git config core.sparsecheckout # timeout=10
 > git checkout -f eb3c96a8245463e80c93f4e77c3ffcf48c94fd10
 > git branch -a -v --no-abbrev # timeout=10
 > git checkout -b origin eb3c96a8245463e80c93f4e77c3ffcf48c94fd10
Commit message: "Maj 0.6 -Add JenkinsFile and DockerFile"
First time build. Skipping changelog.
Cleaning workspace
 > git rev-parse --verify HEAD # timeout=10
Resetting working tree
 > git reset --hard # timeout=10
 > git clean -fdx # timeout=10
fatal: bad object 1d5370df48414dfd75690172ad0ae8d7cd419f80
