[keyword-relevancy_master-FJG7XIFVQH3LEIKUG43GH7YSKIWDW4BUVXPPNQPTFMP3IHYSAJBA] Running shell script
+ make build
[1;33m=> Compiling and Building...
[0m[INFO] Scanning for projects...
[INFO]                                                                         
[INFO] ------------------------------------------------------------------------
[INFO] Building keyword-relevancy 0.0.1-SNAPSHOT
[INFO] ------------------------------------------------------------------------
[WARNING] The POM for com.monetoring.framework:monetoring-framework-center:jar:1.0 is missing, no dependency information available
[WARNING] The artifact xerces:xerces:jar:2.4.0 has been relocated to xerces:xercesImpl:jar:2.4.0
[INFO] 
[INFO] --- maven-resources-plugin:2.6:resources (default-resources) @ keyword-relevancy ---
[INFO] Using 'UTF-8' encoding to copy filtered resources.
[INFO] Copying 1 resource
[INFO] Copying 0 resource
[INFO] 
[INFO] --- maven-compiler-plugin:3.1:compile (default-compile) @ keyword-relevancy ---
[INFO] Changes detected - recompiling the module!
[INFO] Compiling 87 source files to /var/jenkins_home/workspace/keyword-relevancy_master-FJG7XIFVQH3LEIKUG43GH7YSKIWDW4BUVXPPNQPTFMP3IHYSAJBA/target/classes
[WARNING] /var/jenkins_home/workspace/keyword-relevancy_master-FJG7XIFVQH3LEIKUG43GH7YSKIWDW4BUVXPPNQPTFMP3IHYSAJBA/src/main/java/com/pixalione/old/keywordrelevancy/src/utilities/GetGoogleContent.java: Some input files use or override a deprecated API.
[WARNING] /var/jenkins_home/workspace/keyword-relevancy_master-FJG7XIFVQH3LEIKUG43GH7YSKIWDW4BUVXPPNQPTFMP3IHYSAJBA/src/main/java/com/pixalione/old/keywordrelevancy/src/utilities/GetGoogleContent.java: Recompile with -Xlint:deprecation for details.
[WARNING] /var/jenkins_home/workspace/keyword-relevancy_master-FJG7XIFVQH3LEIKUG43GH7YSKIWDW4BUVXPPNQPTFMP3IHYSAJBA/src/main/java/com/pixalione/old/keywordrelevancy/src/kw_relevancy_google/KW_Relevancy_Google_Module.java: Some input files use unchecked or unsafe operations.
[WARNING] /var/jenkins_home/workspace/keyword-relevancy_master-FJG7XIFVQH3LEIKUG43GH7YSKIWDW4BUVXPPNQPTFMP3IHYSAJBA/src/main/java/com/pixalione/old/keywordrelevancy/src/kw_relevancy_google/KW_Relevancy_Google_Module.java: Recompile with -Xlint:unchecked for details.
[INFO] ------------------------------------------------------------------------
[INFO] BUILD SUCCESS
[INFO] ------------------------------------------------------------------------
[INFO] Total time: 4.198 s
[INFO] Finished at: 2018-04-17T15:32:05+00:00
[INFO] Final Memory: 43M/568M
[INFO] ------------------------------------------------------------------------
