Cloning the remote Git repository
Cloning with configured refspecs honoured and without tags
Cloning repository https://bitbucket.org/rdpixalione/stemmer_service.git
 > git init /var/jenkins_home/workspace/stemmer_service_master-6XLHJTFJEGVJZY4FDK4TZOOWCHZTOBWS2W57A4VX32436TUTSP2Q # timeout=10
Fetching upstream changes from https://bitbucket.org/rdpixalione/stemmer_service.git
 > git --version # timeout=10
using GIT_ASKPASS to set credentials Bitbucket server credentials
 > git fetch --no-tags --progress https://bitbucket.org/rdpixalione/stemmer_service.git +refs/heads/master:refs/remotes/origin/master
 > git config remote.origin.url https://bitbucket.org/rdpixalione/stemmer_service.git # timeout=10
 > git config --add remote.origin.fetch +refs/heads/master:refs/remotes/origin/master # timeout=10
 > git config remote.origin.url https://bitbucket.org/rdpixalione/stemmer_service.git # timeout=10
Fetching without tags
Fetching upstream changes from https://bitbucket.org/rdpixalione/stemmer_service.git
using GIT_ASKPASS to set credentials Bitbucket server credentials
 > git fetch --no-tags --progress https://bitbucket.org/rdpixalione/stemmer_service.git +refs/heads/master:refs/remotes/origin/master
Checking out Revision 9e464101e514b7d6f81ea8392c97685eaee9d1cc (master)
 > git config core.sparsecheckout # timeout=10
 > git checkout -f 9e464101e514b7d6f81ea8392c97685eaee9d1cc
Commit message: "Updating JenkisFile & Makefile"
 > git rev-list --no-walk 9e464101e514b7d6f81ea8392c97685eaee9d1cc # timeout=10
[Bitbucket] Notifying commit build result
