Cloning the remote Git repository
Cloning with configured refspecs honoured and without tags
Cloning repository https://bitbucket.org/rdpixalione/robottxtservice.git
 > git init /var/jenkins_home/workspace/robottxtservice_master-ETL2XKAMIY3Y7BITJJG6N6FNWIVCHQM3WT5JAWC6CJ7XZXSK2RCA # timeout=10
Fetching upstream changes from https://bitbucket.org/rdpixalione/robottxtservice.git
 > git --version # timeout=10
using GIT_ASKPASS to set credentials Bitbucket server credentials
 > git fetch --no-tags --progress https://bitbucket.org/rdpixalione/robottxtservice.git +refs/heads/master:refs/remotes/origin/master
 > git config remote.origin.url https://bitbucket.org/rdpixalione/robottxtservice.git # timeout=10
 > git config --add remote.origin.fetch +refs/heads/master:refs/remotes/origin/master # timeout=10
 > git config remote.origin.url https://bitbucket.org/rdpixalione/robottxtservice.git # timeout=10
Fetching without tags
Fetching upstream changes from https://bitbucket.org/rdpixalione/robottxtservice.git
using GIT_ASKPASS to set credentials Bitbucket server credentials
 > git fetch --no-tags --progress https://bitbucket.org/rdpixalione/robottxtservice.git +refs/heads/master:refs/remotes/origin/master
Checking out Revision bb499ce9bd16e14087853634487a3d39c24b4bcd (master)
 > git config core.sparsecheckout # timeout=10
 > git checkout -f bb499ce9bd16e14087853634487a3d39c24b4bcd
Commit message: "Updating Makefile"
First time build. Skipping changelog.
[Bitbucket] Notifying commit build result
