[nningcontent_service_master-HAGZYY2L7CXNFJORQV67KBU2Q3YWGWYGZWPQZN7EV2SIMJDPKEAQ] Running shell script
+ mvn compile
[INFO] Scanning for projects...
[INFO]                                                                         
[INFO] ------------------------------------------------------------------------
[INFO] Building cleanningcontent 0.0.1-SNAPSHOT
[INFO] ------------------------------------------------------------------------
[INFO] 
[INFO] --- maven-resources-plugin:2.6:resources (default-resources) @ cleanningcontent ---
[INFO] Using 'UTF-8' encoding to copy filtered resources.
[INFO] Copying 1 resource
[INFO] Copying 0 resource
[INFO] 
[INFO] --- maven-compiler-plugin:3.1:compile (default-compile) @ cleanningcontent ---
[INFO] Changes detected - recompiling the module!
[INFO] Compiling 22 source files to /var/jenkins_home/workspace/nningcontent_service_master-HAGZYY2L7CXNFJORQV67KBU2Q3YWGWYGZWPQZN7EV2SIMJDPKEAQ/target/classes
[INFO] ------------------------------------------------------------------------
[INFO] BUILD SUCCESS
[INFO] ------------------------------------------------------------------------
[INFO] Total time: 2.936 s
[INFO] Finished at: 2018-04-20T09:15:07+00:00
[INFO] Final Memory: 30M/559M
[INFO] ------------------------------------------------------------------------
