[nningcontent_service_master-HAGZYY2L7CXNFJORQV67KBU2Q3YWGWYGZWPQZN7EV2SIMJDPKEAQ] Running shell script
+ mvn sonar:sonar -Dsonar.host.url=http://213.32.75.99:9000 -Dsonar.login=4f71b9d7d33b0f4e07d40d3acc7c26dad5e95fdc
[INFO] Scanning for projects...
[INFO]                                                                         
[INFO] ------------------------------------------------------------------------
[INFO] Building cleanningcontent 0.0.1-SNAPSHOT
[INFO] ------------------------------------------------------------------------
[INFO] 
[INFO] --- sonar-maven-plugin:3.4.0.905:sonar (default-cli) @ cleanningcontent ---
[INFO] User cache: /root/.sonar/cache
[INFO] SonarQube version: 7.0.0
[INFO] Default locale: "en", source code encoding: "UTF-8"
[INFO] Publish mode
[INFO] Load global settings
[INFO] Load global settings (done) | time=109ms
[INFO] Server id: AWLNpaenYXGBWF_7PvT0
[INFO] User cache: /root/.sonar/cache
[INFO] Load plugins index
[INFO] Load plugins index (done) | time=68ms
[INFO] Load/download plugins
[INFO] Load/download plugins (done) | time=22ms
[INFO] Process project properties
[INFO] Load project repositories
[INFO] Load project repositories (done) | time=467ms
[INFO] Load quality profiles
[INFO] Load quality profiles (done) | time=45ms
[INFO] Load active rules
[INFO] Load active rules (done) | time=559ms
[INFO] Load metrics repository
[INFO] Load metrics repository (done) | time=28ms
[INFO] Project key: com.pixalione.monetoring.data_preprocessing:cleanningcontent
[INFO] -------------  Scan cleanningcontent
[INFO] Load server rules
[INFO] Load server rules (done) | time=48ms
[INFO] Base dir: /var/jenkins_home/workspace/nningcontent_service_master-HAGZYY2L7CXNFJORQV67KBU2Q3YWGWYGZWPQZN7EV2SIMJDPKEAQ
[INFO] Working dir: /var/jenkins_home/workspace/nningcontent_service_master-HAGZYY2L7CXNFJORQV67KBU2Q3YWGWYGZWPQZN7EV2SIMJDPKEAQ/target/sonar
[INFO] Source paths: pom.xml, src/main/java
[INFO] Test paths: src/test/java
[INFO] Source encoding: UTF-8, default locale: en
[INFO] Index files
[INFO] 37 files indexed
[INFO] Quality profile for java: Sonar way
[INFO] Quality profile for xml: Sonar way
[INFO] Sensor JavaSquidSensor [java]
[INFO] Configured Java source version (sonar.java.source): 8
[INFO] JavaClasspath initialization
[INFO] JavaClasspath initialization (done) | time=16ms
[INFO] JavaTestClasspath initialization
[INFO] JavaTestClasspath initialization (done) | time=3ms
[INFO] Java Main Files AST scan
[INFO] 24 source files to be analyzed
[INFO] Java Main Files AST scan (done) | time=3120ms
[INFO] 24/24 source files have been analyzed
[INFO] Java Test Files AST scan
[INFO] 12 source files to be analyzed
[INFO] 12/12 source files have been analyzed
[INFO] Java Test Files AST scan (done) | time=638ms
[INFO] Sensor JavaSquidSensor [java] (done) | time=4358ms
[INFO] Sensor SurefireSensor [java]
[INFO] parsing [/var/jenkins_home/workspace/nningcontent_service_master-HAGZYY2L7CXNFJORQV67KBU2Q3YWGWYGZWPQZN7EV2SIMJDPKEAQ/target/surefire-reports]
[INFO] Sensor SurefireSensor [java] (done) | time=156ms
[INFO] Sensor JaCoCoSensor [java]
[INFO] Sensor JaCoCoSensor [java] (done) | time=1ms
[INFO] Sensor SonarJavaXmlFileSensor [java]
[INFO] 1 source files to be analyzed
[INFO] Sensor SonarJavaXmlFileSensor [java] (done) | time=407ms
[INFO] 1/1 source files have been analyzed
[INFO] Sensor XML Sensor [xml]
[INFO] Sensor XML Sensor [xml] (done) | time=111ms
[INFO] Sensor Zero Coverage Sensor
[INFO] Sensor Zero Coverage Sensor (done) | time=42ms
[INFO] Sensor CPD Block Indexer
[INFO] Sensor CPD Block Indexer (done) | time=45ms
[INFO] SCM provider for this project is: git
[INFO] 36 files to be analyzed
[INFO] 36/36 files analyzed
[INFO] 11 files had no CPD blocks
[INFO] Calculating CPD for 13 files
[INFO] CPD calculation finished
[INFO] Analysis report generated in 141ms, dir size=233 KB
[INFO] Analysis reports compressed in 139ms, zip size=123 KB
[INFO] Analysis report uploaded in 58ms
[INFO] ANALYSIS SUCCESSFUL, you can browse http://213.32.75.99:9000/dashboard/index/com.pixalione.monetoring.data_preprocessing:cleanningcontent
[INFO] Note that you will be able to access the updated dashboard once the server has processed the submitted analysis report
[INFO] More about the report processing at http://213.32.75.99:9000/api/ce/task?id=AWLiYtkGgr_boLqFP8ZY
[INFO] Task total time: 10.260 s
[INFO] ------------------------------------------------------------------------
[INFO] BUILD SUCCESS
[INFO] ------------------------------------------------------------------------
[INFO] Total time: 14.289 s
[INFO] Finished at: 2018-04-20T09:29:11+00:00
[INFO] Final Memory: 48M/993M
[INFO] ------------------------------------------------------------------------
