[ge_detection_service_master-MAQLAX637ZF3G3XBHHGDGRX6FERZ36YMWM2RT2GFR2ZSHS5BZPUA] Running shell script
+ mvn sonar:sonar -Dsonar.host.url=http://213.32.75.99:9000 -Dsonar.login=4f71b9d7d33b0f4e07d40d3acc7c26dad5e95fdc
[INFO] Scanning for projects...
[INFO]                                                                         
[INFO] ------------------------------------------------------------------------
[INFO] Building languagedetection 0.0.1-SNAPSHOT
[INFO] ------------------------------------------------------------------------
[INFO] 
[INFO] --- sonar-maven-plugin:3.4.0.905:sonar (default-cli) @ languagedetection ---
[INFO] User cache: /root/.sonar/cache
[INFO] SonarQube version: 7.0.0
[INFO] Default locale: "en", source code encoding: "UTF-8"
[INFO] Publish mode
[INFO] Load global settings
[INFO] Load global settings (done) | time=180ms
[INFO] Server id: AWLNpaenYXGBWF_7PvT0
[INFO] User cache: /root/.sonar/cache
[INFO] Load plugins index
[INFO] Load plugins index (done) | time=116ms
[INFO] Load/download plugins
[INFO] Load/download plugins (done) | time=15ms
[INFO] Process project properties
[INFO] Load project repositories
[INFO] Load project repositories (done) | time=370ms
[INFO] Load quality profiles
[INFO] Load quality profiles (done) | time=42ms
[INFO] Load active rules
[INFO] Load active rules (done) | time=559ms
[INFO] Load metrics repository
[INFO] Load metrics repository (done) | time=27ms
Sending interrupt signal to process
[INFO] Project key: com.pixalione.monetoring.data_preprocessing:languagedetection
[INFO] -------------  Scan languagedetection
Terminated
