[robottxtservice_master-ETL2XKAMIY3Y7BITJJG6N6FNWIVCHQM3WT5JAWC6CJ7XZXSK2RCA] Running shell script
+ mvn test
[INFO] Scanning for projects...
[INFO]                                                                         
[INFO] ------------------------------------------------------------------------
[INFO] Building robottxt 0.0.1-SNAPSHOT
[INFO] ------------------------------------------------------------------------
[INFO] 
[INFO] --- maven-resources-plugin:2.6:resources (default-resources) @ robottxt ---
[INFO] Using 'UTF-8' encoding to copy filtered resources.
[INFO] Copying 2 resources
[INFO] Copying 0 resource
[INFO] 
[INFO] --- maven-compiler-plugin:3.1:compile (default-compile) @ robottxt ---
[INFO] Nothing to compile - all classes are up to date
[INFO] 
[INFO] --- maven-resources-plugin:2.6:testResources (default-testResources) @ robottxt ---
[INFO] Using 'UTF-8' encoding to copy filtered resources.
[INFO] skip non existing resourceDirectory /var/jenkins_home/workspace/robottxtservice_master-ETL2XKAMIY3Y7BITJJG6N6FNWIVCHQM3WT5JAWC6CJ7XZXSK2RCA/src/test/resources
[INFO] 
[INFO] --- maven-compiler-plugin:3.1:testCompile (default-testCompile) @ robottxt ---
[INFO] Changes detected - recompiling the module!
[INFO] Compiling 6 source files to /var/jenkins_home/workspace/robottxtservice_master-ETL2XKAMIY3Y7BITJJG6N6FNWIVCHQM3WT5JAWC6CJ7XZXSK2RCA/target/test-classes
[INFO] 
[INFO] --- maven-surefire-plugin:2.18.1:test (default-test) @ robottxt ---
[INFO] Surefire report directory: /var/jenkins_home/workspace/robottxtservice_master-ETL2XKAMIY3Y7BITJJG6N6FNWIVCHQM3WT5JAWC6CJ7XZXSK2RCA/target/surefire-reports

-------------------------------------------------------
 T E S T S
-------------------------------------------------------
08:10:06.698 [main] DEBUG org.springframework.test.context.junit4.SpringJUnit4ClassRunner - SpringJUnit4ClassRunner constructor called with [class com.pixalione.monetoring.v2.RobotsTxtApplicationTest]
08:10:06.709 [main] DEBUG org.springframework.test.context.BootstrapUtils - Instantiating CacheAwareContextLoaderDelegate from class [org.springframework.test.context.cache.DefaultCacheAwareContextLoaderDelegate]
08:10:06.719 [main] DEBUG org.springframework.test.context.BootstrapUtils - Instantiating BootstrapContext using constructor [public org.springframework.test.context.support.DefaultBootstrapContext(java.lang.Class,org.springframework.test.context.CacheAwareContextLoaderDelegate)]
08:10:06.740 [main] DEBUG org.springframework.test.context.BootstrapUtils - Instantiating TestContextBootstrapper for test class [com.pixalione.monetoring.v2.RobotsTxtApplicationTest] from class [org.springframework.boot.test.context.SpringBootTestContextBootstrapper]
08:10:06.753 [main] INFO org.springframework.boot.test.context.SpringBootTestContextBootstrapper - Neither @ContextConfiguration nor @ContextHierarchy found for test class [com.pixalione.monetoring.v2.RobotsTxtApplicationTest], using SpringBootContextLoader
08:10:06.757 [main] DEBUG org.springframework.test.context.support.AbstractContextLoader - Did not detect default resource location for test class [com.pixalione.monetoring.v2.RobotsTxtApplicationTest]: class path resource [com/pixalione/monetoring/v2/RobotsTxtApplicationTest-context.xml] does not exist
08:10:06.757 [main] DEBUG org.springframework.test.context.support.AbstractContextLoader - Did not detect default resource location for test class [com.pixalione.monetoring.v2.RobotsTxtApplicationTest]: class path resource [com/pixalione/monetoring/v2/RobotsTxtApplicationTestContext.groovy] does not exist
08:10:06.757 [main] INFO org.springframework.test.context.support.AbstractContextLoader - Could not detect default resource locations for test class [com.pixalione.monetoring.v2.RobotsTxtApplicationTest]: no resource found for suffixes {-context.xml, Context.groovy}.
08:10:06.758 [main] INFO org.springframework.test.context.support.AnnotationConfigContextLoaderUtils - Could not detect default configuration classes for test class [com.pixalione.monetoring.v2.RobotsTxtApplicationTest]: RobotsTxtApplicationTest does not declare any static, non-private, non-final, nested classes annotated with @Configuration.
08:10:06.801 [main] DEBUG org.springframework.test.context.support.ActiveProfilesUtils - Could not find an 'annotation declaring class' for annotation type [org.springframework.test.context.ActiveProfiles] and class [com.pixalione.monetoring.v2.RobotsTxtApplicationTest]
08:10:06.812 [main] DEBUG org.springframework.core.env.StandardEnvironment - Adding [systemProperties] PropertySource with lowest search precedence
08:10:06.814 [main] DEBUG org.springframework.core.env.StandardEnvironment - Adding [systemEnvironment] PropertySource with lowest search precedence
08:10:06.814 [main] DEBUG org.springframework.core.env.StandardEnvironment - Initialized StandardEnvironment with PropertySources [systemProperties,systemEnvironment]
08:10:06.825 [main] DEBUG org.springframework.core.io.support.PathMatchingResourcePatternResolver - Resolved classpath location [com/pixalione/monetoring/v2/] to resources [URL [file:/var/jenkins_home/workspace/robottxtservice_master-ETL2XKAMIY3Y7BITJJG6N6FNWIVCHQM3WT5JAWC6CJ7XZXSK2RCA/target/test-classes/com/pixalione/monetoring/v2/], URL [file:/var/jenkins_home/workspace/robottxtservice_master-ETL2XKAMIY3Y7BITJJG6N6FNWIVCHQM3WT5JAWC6CJ7XZXSK2RCA/target/classes/com/pixalione/monetoring/v2/]]
08:10:06.825 [main] DEBUG org.springframework.core.io.support.PathMatchingResourcePatternResolver - Looking for matching resources in directory tree [/var/jenkins_home/workspace/robottxtservice_master-ETL2XKAMIY3Y7BITJJG6N6FNWIVCHQM3WT5JAWC6CJ7XZXSK2RCA/target/test-classes/com/pixalione/monetoring/v2]
08:10:06.826 [main] DEBUG org.springframework.core.io.support.PathMatchingResourcePatternResolver - Searching directory [/var/jenkins_home/workspace/robottxtservice_master-ETL2XKAMIY3Y7BITJJG6N6FNWIVCHQM3WT5JAWC6CJ7XZXSK2RCA/target/test-classes/com/pixalione/monetoring/v2] for files matching pattern [/var/jenkins_home/workspace/robottxtservice_master-ETL2XKAMIY3Y7BITJJG6N6FNWIVCHQM3WT5JAWC6CJ7XZXSK2RCA/target/test-classes/com/pixalione/monetoring/v2/*.class]
08:10:06.833 [main] DEBUG org.springframework.core.io.support.PathMatchingResourcePatternResolver - Looking for matching resources in directory tree [/var/jenkins_home/workspace/robottxtservice_master-ETL2XKAMIY3Y7BITJJG6N6FNWIVCHQM3WT5JAWC6CJ7XZXSK2RCA/target/classes/com/pixalione/monetoring/v2]
08:10:06.833 [main] DEBUG org.springframework.core.io.support.PathMatchingResourcePatternResolver - Searching directory [/var/jenkins_home/workspace/robottxtservice_master-ETL2XKAMIY3Y7BITJJG6N6FNWIVCHQM3WT5JAWC6CJ7XZXSK2RCA/target/classes/com/pixalione/monetoring/v2] for files matching pattern [/var/jenkins_home/workspace/robottxtservice_master-ETL2XKAMIY3Y7BITJJG6N6FNWIVCHQM3WT5JAWC6CJ7XZXSK2RCA/target/classes/com/pixalione/monetoring/v2/*.class]
08:10:06.834 [main] DEBUG org.springframework.core.io.support.PathMatchingResourcePatternResolver - Resolved location pattern [classpath*:com/pixalione/monetoring/v2/*.class] to resources [file [/var/jenkins_home/workspace/robottxtservice_master-ETL2XKAMIY3Y7BITJJG6N6FNWIVCHQM3WT5JAWC6CJ7XZXSK2RCA/target/test-classes/com/pixalione/monetoring/v2/RobotsTxtApplicationTest.class], file [/var/jenkins_home/workspace/robottxtservice_master-ETL2XKAMIY3Y7BITJJG6N6FNWIVCHQM3WT5JAWC6CJ7XZXSK2RCA/target/classes/com/pixalione/monetoring/v2/RobotsTxtApplication.class]]
08:10:06.903 [main] DEBUG org.springframework.context.annotation.ClassPathScanningCandidateComponentProvider - Identified candidate component class: file [/var/jenkins_home/workspace/robottxtservice_master-ETL2XKAMIY3Y7BITJJG6N6FNWIVCHQM3WT5JAWC6CJ7XZXSK2RCA/target/classes/com/pixalione/monetoring/v2/RobotsTxtApplication.class]
08:10:06.905 [main] INFO org.springframework.boot.test.context.SpringBootTestContextBootstrapper - Found @SpringBootConfiguration com.pixalione.monetoring.v2.RobotsTxtApplication for test class com.pixalione.monetoring.v2.RobotsTxtApplicationTest
08:10:06.909 [main] DEBUG org.springframework.boot.test.context.SpringBootTestContextBootstrapper - @TestExecutionListeners is not present for class [com.pixalione.monetoring.v2.RobotsTxtApplicationTest]: using defaults.
08:10:06.912 [main] INFO org.springframework.boot.test.context.SpringBootTestContextBootstrapper - Loaded default TestExecutionListener class names from location [META-INF/spring.factories]: [org.springframework.boot.test.mock.mockito.MockitoTestExecutionListener, org.springframework.boot.test.mock.mockito.ResetMocksTestExecutionListener, org.springframework.boot.test.autoconfigure.restdocs.RestDocsTestExecutionListener, org.springframework.boot.test.autoconfigure.web.client.MockRestServiceServerResetTestExecutionListener, org.springframework.boot.test.autoconfigure.web.servlet.MockMvcPrintOnlyOnFailureTestExecutionListener, org.springframework.boot.test.autoconfigure.web.servlet.WebDriverTestExecutionListener, org.springframework.test.context.web.ServletTestExecutionListener, org.springframework.test.context.support.DirtiesContextBeforeModesTestExecutionListener, org.springframework.test.context.support.DependencyInjectionTestExecutionListener, org.springframework.test.context.support.DirtiesContextTestExecutionListener, org.springframework.test.context.transaction.TransactionalTestExecutionListener, org.springframework.test.context.jdbc.SqlScriptsTestExecutionListener]
08:10:06.938 [main] INFO org.springframework.boot.test.context.SpringBootTestContextBootstrapper - Using TestExecutionListeners: [org.springframework.test.context.web.ServletTestExecutionListener@2d127a61, org.springframework.test.context.support.DirtiesContextBeforeModesTestExecutionListener@2bbaf4f0, org.springframework.boot.test.autoconfigure.SpringBootDependencyInjectionTestExecutionListener@11c20519, org.springframework.test.context.support.DirtiesContextTestExecutionListener@70beb599, org.springframework.test.context.transaction.TransactionalTestExecutionListener@4e41089d, org.springframework.test.context.jdbc.SqlScriptsTestExecutionListener@32a068d1, org.springframework.boot.test.autoconfigure.web.servlet.MockMvcPrintOnlyOnFailureTestExecutionListener@33cb5951, org.springframework.boot.test.autoconfigure.restdocs.RestDocsTestExecutionListener@365c30cc, org.springframework.boot.test.mock.mockito.ResetMocksTestExecutionListener@701fc37a, org.springframework.boot.test.autoconfigure.web.servlet.WebDriverTestExecutionListener@4148db48, org.springframework.boot.test.autoconfigure.web.client.MockRestServiceServerResetTestExecutionListener@282003e1, org.springframework.boot.test.mock.mockito.MockitoTestExecutionListener@7fad8c79]
08:10:06.942 [main] DEBUG org.springframework.test.context.junit4.SpringJUnit4ClassRunner - SpringJUnit4ClassRunner constructor called with [class com.pixalione.monetoring.v2.Robots.Core.RobotParserLogicTest]
08:10:06.942 [main] DEBUG org.springframework.test.context.BootstrapUtils - Instantiating CacheAwareContextLoaderDelegate from class [org.springframework.test.context.cache.DefaultCacheAwareContextLoaderDelegate]
08:10:06.942 [main] DEBUG org.springframework.test.context.BootstrapUtils - Instantiating BootstrapContext using constructor [public org.springframework.test.context.support.DefaultBootstrapContext(java.lang.Class,org.springframework.test.context.CacheAwareContextLoaderDelegate)]
08:10:06.942 [main] DEBUG org.springframework.test.context.BootstrapUtils - Instantiating TestContextBootstrapper for test class [com.pixalione.monetoring.v2.Robots.Core.RobotParserLogicTest] from class [org.springframework.boot.test.context.SpringBootTestContextBootstrapper]
08:10:06.943 [main] INFO org.springframework.boot.test.context.SpringBootTestContextBootstrapper - Neither @ContextConfiguration nor @ContextHierarchy found for test class [com.pixalione.monetoring.v2.Robots.Core.RobotParserLogicTest], using SpringBootContextLoader
08:10:06.944 [main] DEBUG org.springframework.test.context.support.AbstractContextLoader - Did not detect default resource location for test class [com.pixalione.monetoring.v2.Robots.Core.RobotParserLogicTest]: class path resource [com/pixalione/monetoring/v2/Robots/Core/RobotParserLogicTest-context.xml] does not exist
08:10:06.944 [main] DEBUG org.springframework.test.context.support.AbstractContextLoader - Did not detect default resource location for test class [com.pixalione.monetoring.v2.Robots.Core.RobotParserLogicTest]: class path resource [com/pixalione/monetoring/v2/Robots/Core/RobotParserLogicTestContext.groovy] does not exist
08:10:06.944 [main] INFO org.springframework.test.context.support.AbstractContextLoader - Could not detect default resource locations for test class [com.pixalione.monetoring.v2.Robots.Core.RobotParserLogicTest]: no resource found for suffixes {-context.xml, Context.groovy}.
08:10:06.944 [main] INFO org.springframework.test.context.support.AnnotationConfigContextLoaderUtils - Could not detect default configuration classes for test class [com.pixalione.monetoring.v2.Robots.Core.RobotParserLogicTest]: RobotParserLogicTest does not declare any static, non-private, non-final, nested classes annotated with @Configuration.
08:10:06.953 [main] DEBUG org.springframework.test.context.support.ActiveProfilesUtils - Could not find an 'annotation declaring class' for annotation type [org.springframework.test.context.ActiveProfiles] and class [com.pixalione.monetoring.v2.Robots.Core.RobotParserLogicTest]
08:10:06.954 [main] DEBUG org.springframework.core.env.StandardEnvironment - Adding [systemProperties] PropertySource with lowest search precedence
08:10:06.954 [main] DEBUG org.springframework.core.env.StandardEnvironment - Adding [systemEnvironment] PropertySource with lowest search precedence
08:10:06.954 [main] DEBUG org.springframework.core.env.StandardEnvironment - Initialized StandardEnvironment with PropertySources [systemProperties,systemEnvironment]
08:10:06.954 [main] DEBUG org.springframework.core.io.support.PathMatchingResourcePatternResolver - Resolved classpath location [com/pixalione/monetoring/v2/Robots/Core/] to resources [URL [file:/var/jenkins_home/workspace/robottxtservice_master-ETL2XKAMIY3Y7BITJJG6N6FNWIVCHQM3WT5JAWC6CJ7XZXSK2RCA/target/test-classes/com/pixalione/monetoring/v2/Robots/Core/], URL [file:/var/jenkins_home/workspace/robottxtservice_master-ETL2XKAMIY3Y7BITJJG6N6FNWIVCHQM3WT5JAWC6CJ7XZXSK2RCA/target/classes/com/pixalione/monetoring/v2/Robots/Core/]]
08:10:06.955 [main] DEBUG org.springframework.core.io.support.PathMatchingResourcePatternResolver - Looking for matching resources in directory tree [/var/jenkins_home/workspace/robottxtservice_master-ETL2XKAMIY3Y7BITJJG6N6FNWIVCHQM3WT5JAWC6CJ7XZXSK2RCA/target/test-classes/com/pixalione/monetoring/v2/Robots/Core]
08:10:06.955 [main] DEBUG org.springframework.core.io.support.PathMatchingResourcePatternResolver - Searching directory [/var/jenkins_home/workspace/robottxtservice_master-ETL2XKAMIY3Y7BITJJG6N6FNWIVCHQM3WT5JAWC6CJ7XZXSK2RCA/target/test-classes/com/pixalione/monetoring/v2/Robots/Core] for files matching pattern [/var/jenkins_home/workspace/robottxtservice_master-ETL2XKAMIY3Y7BITJJG6N6FNWIVCHQM3WT5JAWC6CJ7XZXSK2RCA/target/test-classes/com/pixalione/monetoring/v2/Robots/Core/*.class]
08:10:06.956 [main] DEBUG org.springframework.core.io.support.PathMatchingResourcePatternResolver - Looking for matching resources in directory tree [/var/jenkins_home/workspace/robottxtservice_master-ETL2XKAMIY3Y7BITJJG6N6FNWIVCHQM3WT5JAWC6CJ7XZXSK2RCA/target/classes/com/pixalione/monetoring/v2/Robots/Core]
08:10:06.956 [main] DEBUG org.springframework.core.io.support.PathMatchingResourcePatternResolver - Searching directory [/var/jenkins_home/workspace/robottxtservice_master-ETL2XKAMIY3Y7BITJJG6N6FNWIVCHQM3WT5JAWC6CJ7XZXSK2RCA/target/classes/com/pixalione/monetoring/v2/Robots/Core] for files matching pattern [/var/jenkins_home/workspace/robottxtservice_master-ETL2XKAMIY3Y7BITJJG6N6FNWIVCHQM3WT5JAWC6CJ7XZXSK2RCA/target/classes/com/pixalione/monetoring/v2/Robots/Core/*.class]
08:10:06.957 [main] DEBUG org.springframework.core.io.support.PathMatchingResourcePatternResolver - Resolved location pattern [classpath*:com/pixalione/monetoring/v2/Robots/Core/*.class] to resources [file [/var/jenkins_home/workspace/robottxtservice_master-ETL2XKAMIY3Y7BITJJG6N6FNWIVCHQM3WT5JAWC6CJ7XZXSK2RCA/target/test-classes/com/pixalione/monetoring/v2/Robots/Core/RobotParserLogicTest.class], file [/var/jenkins_home/workspace/robottxtservice_master-ETL2XKAMIY3Y7BITJJG6N6FNWIVCHQM3WT5JAWC6CJ7XZXSK2RCA/target/classes/com/pixalione/monetoring/v2/Robots/Core/RobotParserLogic.class], file [/var/jenkins_home/workspace/robottxtservice_master-ETL2XKAMIY3Y7BITJJG6N6FNWIVCHQM3WT5JAWC6CJ7XZXSK2RCA/target/classes/com/pixalione/monetoring/v2/Robots/Core/RobotsUtils.class], file [/var/jenkins_home/workspace/robottxtservice_master-ETL2XKAMIY3Y7BITJJG6N6FNWIVCHQM3WT5JAWC6CJ7XZXSK2RCA/target/classes/com/pixalione/monetoring/v2/Robots/Core/RulesUtils.class], file [/var/jenkins_home/workspace/robottxtservice_master-ETL2XKAMIY3Y7BITJJG6N6FNWIVCHQM3WT5JAWC6CJ7XZXSK2RCA/target/classes/com/pixalione/monetoring/v2/Robots/Core/SiteMapParserLogic.class], file [/var/jenkins_home/workspace/robottxtservice_master-ETL2XKAMIY3Y7BITJJG6N6FNWIVCHQM3WT5JAWC6CJ7XZXSK2RCA/target/classes/com/pixalione/monetoring/v2/Robots/Core/UserAgentParserLogic.class], file [/var/jenkins_home/workspace/robottxtservice_master-ETL2XKAMIY3Y7BITJJG6N6FNWIVCHQM3WT5JAWC6CJ7XZXSK2RCA/target/classes/com/pixalione/monetoring/v2/Robots/Core/UserAgentUtils.class]]
08:10:06.965 [main] DEBUG org.springframework.core.io.support.PathMatchingResourcePatternResolver - Resolved classpath location [com/pixalione/monetoring/v2/Robots/] to resources [URL [file:/var/jenkins_home/workspace/robottxtservice_master-ETL2XKAMIY3Y7BITJJG6N6FNWIVCHQM3WT5JAWC6CJ7XZXSK2RCA/target/test-classes/com/pixalione/monetoring/v2/Robots/], URL [file:/var/jenkins_home/workspace/robottxtservice_master-ETL2XKAMIY3Y7BITJJG6N6FNWIVCHQM3WT5JAWC6CJ7XZXSK2RCA/target/classes/com/pixalione/monetoring/v2/Robots/]]
08:10:06.965 [main] DEBUG org.springframework.core.io.support.PathMatchingResourcePatternResolver - Looking for matching resources in directory tree [/var/jenkins_home/workspace/robottxtservice_master-ETL2XKAMIY3Y7BITJJG6N6FNWIVCHQM3WT5JAWC6CJ7XZXSK2RCA/target/test-classes/com/pixalione/monetoring/v2/Robots]
08:10:06.965 [main] DEBUG org.springframework.core.io.support.PathMatchingResourcePatternResolver - Searching directory [/var/jenkins_home/workspace/robottxtservice_master-ETL2XKAMIY3Y7BITJJG6N6FNWIVCHQM3WT5JAWC6CJ7XZXSK2RCA/target/test-classes/com/pixalione/monetoring/v2/Robots] for files matching pattern [/var/jenkins_home/workspace/robottxtservice_master-ETL2XKAMIY3Y7BITJJG6N6FNWIVCHQM3WT5JAWC6CJ7XZXSK2RCA/target/test-classes/com/pixalione/monetoring/v2/Robots/*.class]
08:10:06.968 [main] DEBUG org.springframework.core.io.support.PathMatchingResourcePatternResolver - Looking for matching resources in directory tree [/var/jenkins_home/workspace/robottxtservice_master-ETL2XKAMIY3Y7BITJJG6N6FNWIVCHQM3WT5JAWC6CJ7XZXSK2RCA/target/classes/com/pixalione/monetoring/v2/Robots]
08:10:06.968 [main] DEBUG org.springframework.core.io.support.PathMatchingResourcePatternResolver - Searching directory [/var/jenkins_home/workspace/robottxtservice_master-ETL2XKAMIY3Y7BITJJG6N6FNWIVCHQM3WT5JAWC6CJ7XZXSK2RCA/target/classes/com/pixalione/monetoring/v2/Robots] for files matching pattern [/var/jenkins_home/workspace/robottxtservice_master-ETL2XKAMIY3Y7BITJJG6N6FNWIVCHQM3WT5JAWC6CJ7XZXSK2RCA/target/classes/com/pixalione/monetoring/v2/Robots/*.class]
08:10:06.969 [main] DEBUG org.springframework.core.io.support.PathMatchingResourcePatternResolver - Resolved location pattern [classpath*:com/pixalione/monetoring/v2/Robots/*.class] to resources []
08:10:06.970 [main] DEBUG org.springframework.core.io.support.PathMatchingResourcePatternResolver - Resolved classpath location [com/pixalione/monetoring/v2/] to resources [URL [file:/var/jenkins_home/workspace/robottxtservice_master-ETL2XKAMIY3Y7BITJJG6N6FNWIVCHQM3WT5JAWC6CJ7XZXSK2RCA/target/test-classes/com/pixalione/monetoring/v2/], URL [file:/var/jenkins_home/workspace/robottxtservice_master-ETL2XKAMIY3Y7BITJJG6N6FNWIVCHQM3WT5JAWC6CJ7XZXSK2RCA/target/classes/com/pixalione/monetoring/v2/]]
08:10:06.970 [main] DEBUG org.springframework.core.io.support.PathMatchingResourcePatternResolver - Looking for matching resources in directory tree [/var/jenkins_home/workspace/robottxtservice_master-ETL2XKAMIY3Y7BITJJG6N6FNWIVCHQM3WT5JAWC6CJ7XZXSK2RCA/target/test-classes/com/pixalione/monetoring/v2]
08:10:06.970 [main] DEBUG org.springframework.core.io.support.PathMatchingResourcePatternResolver - Searching directory [/var/jenkins_home/workspace/robottxtservice_master-ETL2XKAMIY3Y7BITJJG6N6FNWIVCHQM3WT5JAWC6CJ7XZXSK2RCA/target/test-classes/com/pixalione/monetoring/v2] for files matching pattern [/var/jenkins_home/workspace/robottxtservice_master-ETL2XKAMIY3Y7BITJJG6N6FNWIVCHQM3WT5JAWC6CJ7XZXSK2RCA/target/test-classes/com/pixalione/monetoring/v2/*.class]
08:10:06.971 [main] DEBUG org.springframework.core.io.support.PathMatchingResourcePatternResolver - Looking for matching resources in directory tree [/var/jenkins_home/workspace/robottxtservice_master-ETL2XKAMIY3Y7BITJJG6N6FNWIVCHQM3WT5JAWC6CJ7XZXSK2RCA/target/classes/com/pixalione/monetoring/v2]
08:10:06.971 [main] DEBUG org.springframework.core.io.support.PathMatchingResourcePatternResolver - Searching directory [/var/jenkins_home/workspace/robottxtservice_master-ETL2XKAMIY3Y7BITJJG6N6FNWIVCHQM3WT5JAWC6CJ7XZXSK2RCA/target/classes/com/pixalione/monetoring/v2] for files matching pattern [/var/jenkins_home/workspace/robottxtservice_master-ETL2XKAMIY3Y7BITJJG6N6FNWIVCHQM3WT5JAWC6CJ7XZXSK2RCA/target/classes/com/pixalione/monetoring/v2/*.class]
08:10:06.971 [main] DEBUG org.springframework.core.io.support.PathMatchingResourcePatternResolver - Resolved location pattern [classpath*:com/pixalione/monetoring/v2/*.class] to resources [file [/var/jenkins_home/workspace/robottxtservice_master-ETL2XKAMIY3Y7BITJJG6N6FNWIVCHQM3WT5JAWC6CJ7XZXSK2RCA/target/test-classes/com/pixalione/monetoring/v2/RobotsTxtApplicationTest.class], file [/var/jenkins_home/workspace/robottxtservice_master-ETL2XKAMIY3Y7BITJJG6N6FNWIVCHQM3WT5JAWC6CJ7XZXSK2RCA/target/classes/com/pixalione/monetoring/v2/RobotsTxtApplication.class]]
08:10:06.973 [main] DEBUG org.springframework.context.annotation.ClassPathScanningCandidateComponentProvider - Identified candidate component class: file [/var/jenkins_home/workspace/robottxtservice_master-ETL2XKAMIY3Y7BITJJG6N6FNWIVCHQM3WT5JAWC6CJ7XZXSK2RCA/target/classes/com/pixalione/monetoring/v2/RobotsTxtApplication.class]
08:10:06.973 [main] INFO org.springframework.boot.test.context.SpringBootTestContextBootstrapper - Found @SpringBootConfiguration com.pixalione.monetoring.v2.RobotsTxtApplication for test class com.pixalione.monetoring.v2.Robots.Core.RobotParserLogicTest
08:10:06.975 [main] DEBUG org.springframework.boot.test.context.SpringBootTestContextBootstrapper - @TestExecutionListeners is not present for class [com.pixalione.monetoring.v2.Robots.Core.RobotParserLogicTest]: using defaults.
08:10:06.982 [main] INFO org.springframework.boot.test.context.SpringBootTestContextBootstrapper - Loaded default TestExecutionListener class names from location [META-INF/spring.factories]: [org.springframework.boot.test.mock.mockito.MockitoTestExecutionListener, org.springframework.boot.test.mock.mockito.ResetMocksTestExecutionListener, org.springframework.boot.test.autoconfigure.restdocs.RestDocsTestExecutionListener, org.springframework.boot.test.autoconfigure.web.client.MockRestServiceServerResetTestExecutionListener, org.springframework.boot.test.autoconfigure.web.servlet.MockMvcPrintOnlyOnFailureTestExecutionListener, org.springframework.boot.test.autoconfigure.web.servlet.WebDriverTestExecutionListener, org.springframework.test.context.web.ServletTestExecutionListener, org.springframework.test.context.support.DirtiesContextBeforeModesTestExecutionListener, org.springframework.test.context.support.DependencyInjectionTestExecutionListener, org.springframework.test.context.support.DirtiesContextTestExecutionListener, org.springframework.test.context.transaction.TransactionalTestExecutionListener, org.springframework.test.context.jdbc.SqlScriptsTestExecutionListener]
08:10:06.988 [main] INFO org.springframework.boot.test.context.SpringBootTestContextBootstrapper - Using TestExecutionListeners: [org.springframework.test.context.web.ServletTestExecutionListener@709ba3fb, org.springframework.test.context.support.DirtiesContextBeforeModesTestExecutionListener@3d36e4cd, org.springframework.boot.test.autoconfigure.SpringBootDependencyInjectionTestExecutionListener@6a472554, org.springframework.test.context.support.DirtiesContextTestExecutionListener@7ff2a664, org.springframework.test.context.transaction.TransactionalTestExecutionListener@525b461a, org.springframework.test.context.jdbc.SqlScriptsTestExecutionListener@58c1c010, org.springframework.boot.test.autoconfigure.web.servlet.MockMvcPrintOnlyOnFailureTestExecutionListener@b7f23d9, org.springframework.boot.test.autoconfigure.restdocs.RestDocsTestExecutionListener@61d47554, org.springframework.boot.test.mock.mockito.ResetMocksTestExecutionListener@69b794e2, org.springframework.boot.test.autoconfigure.web.servlet.WebDriverTestExecutionListener@3f200884, org.springframework.boot.test.autoconfigure.web.client.MockRestServiceServerResetTestExecutionListener@4d339552, org.springframework.boot.test.mock.mockito.MockitoTestExecutionListener@f0f2775]
08:10:06.991 [main] DEBUG org.springframework.test.annotation.ProfileValueUtils - Retrieved @ProfileValueSourceConfiguration [null] for test class [com.pixalione.monetoring.v2.RobotsTxtApplicationTest]
08:10:06.991 [main] DEBUG org.springframework.test.annotation.ProfileValueUtils - Retrieved ProfileValueSource type [class org.springframework.test.annotation.SystemProfileValueSource] for class [com.pixalione.monetoring.v2.RobotsTxtApplicationTest]
08:10:06.992 [main] DEBUG org.springframework.test.annotation.ProfileValueUtils - Retrieved @ProfileValueSourceConfiguration [null] for test class [com.pixalione.monetoring.v2.Robots.Core.RobotParserLogicTest]
08:10:06.992 [main] DEBUG org.springframework.test.annotation.ProfileValueUtils - Retrieved ProfileValueSource type [class org.springframework.test.annotation.SystemProfileValueSource] for class [com.pixalione.monetoring.v2.Robots.Core.RobotParserLogicTest]
Running com.pixalione.monetoring.v2.RobotsTxtApplicationTest
08:10:06.994 [main] DEBUG org.springframework.test.context.junit4.SpringJUnit4ClassRunner - SpringJUnit4ClassRunner constructor called with [class com.pixalione.monetoring.v2.RobotsTxtApplicationTest]
08:10:06.995 [main] DEBUG org.springframework.test.context.BootstrapUtils - Instantiating CacheAwareContextLoaderDelegate from class [org.springframework.test.context.cache.DefaultCacheAwareContextLoaderDelegate]
08:10:06.995 [main] DEBUG org.springframework.test.context.BootstrapUtils - Instantiating BootstrapContext using constructor [public org.springframework.test.context.support.DefaultBootstrapContext(java.lang.Class,org.springframework.test.context.CacheAwareContextLoaderDelegate)]
08:10:06.995 [main] DEBUG org.springframework.test.context.BootstrapUtils - Instantiating TestContextBootstrapper for test class [com.pixalione.monetoring.v2.RobotsTxtApplicationTest] from class [org.springframework.boot.test.context.SpringBootTestContextBootstrapper]
08:10:06.995 [main] INFO org.springframework.boot.test.context.SpringBootTestContextBootstrapper - Neither @ContextConfiguration nor @ContextHierarchy found for test class [com.pixalione.monetoring.v2.RobotsTxtApplicationTest], using SpringBootContextLoader
08:10:06.996 [main] DEBUG org.springframework.test.context.support.AbstractContextLoader - Did not detect default resource location for test class [com.pixalione.monetoring.v2.RobotsTxtApplicationTest]: class path resource [com/pixalione/monetoring/v2/RobotsTxtApplicationTest-context.xml] does not exist
08:10:06.996 [main] DEBUG org.springframework.test.context.support.AbstractContextLoader - Did not detect default resource location for test class [com.pixalione.monetoring.v2.RobotsTxtApplicationTest]: class path resource [com/pixalione/monetoring/v2/RobotsTxtApplicationTestContext.groovy] does not exist
08:10:06.996 [main] INFO org.springframework.test.context.support.AbstractContextLoader - Could not detect default resource locations for test class [com.pixalione.monetoring.v2.RobotsTxtApplicationTest]: no resource found for suffixes {-context.xml, Context.groovy}.
08:10:06.997 [main] INFO org.springframework.test.context.support.AnnotationConfigContextLoaderUtils - Could not detect default configuration classes for test class [com.pixalione.monetoring.v2.RobotsTxtApplicationTest]: RobotsTxtApplicationTest does not declare any static, non-private, non-final, nested classes annotated with @Configuration.
08:10:07.000 [main] DEBUG org.springframework.test.context.support.ActiveProfilesUtils - Could not find an 'annotation declaring class' for annotation type [org.springframework.test.context.ActiveProfiles] and class [com.pixalione.monetoring.v2.RobotsTxtApplicationTest]
08:10:07.000 [main] DEBUG org.springframework.core.env.StandardEnvironment - Adding [systemProperties] PropertySource with lowest search precedence
08:10:07.000 [main] DEBUG org.springframework.core.env.StandardEnvironment - Adding [systemEnvironment] PropertySource with lowest search precedence
08:10:07.000 [main] DEBUG org.springframework.core.env.StandardEnvironment - Initialized StandardEnvironment with PropertySources [systemProperties,systemEnvironment]
08:10:07.000 [main] INFO org.springframework.boot.test.context.SpringBootTestContextBootstrapper - Found @SpringBootConfiguration com.pixalione.monetoring.v2.RobotsTxtApplication for test class com.pixalione.monetoring.v2.RobotsTxtApplicationTest
08:10:07.003 [main] DEBUG org.springframework.boot.test.context.SpringBootTestContextBootstrapper - @TestExecutionListeners is not present for class [com.pixalione.monetoring.v2.RobotsTxtApplicationTest]: using defaults.
08:10:07.005 [main] INFO org.springframework.boot.test.context.SpringBootTestContextBootstrapper - Loaded default TestExecutionListener class names from location [META-INF/spring.factories]: [org.springframework.boot.test.mock.mockito.MockitoTestExecutionListener, org.springframework.boot.test.mock.mockito.ResetMocksTestExecutionListener, org.springframework.boot.test.autoconfigure.restdocs.RestDocsTestExecutionListener, org.springframework.boot.test.autoconfigure.web.client.MockRestServiceServerResetTestExecutionListener, org.springframework.boot.test.autoconfigure.web.servlet.MockMvcPrintOnlyOnFailureTestExecutionListener, org.springframework.boot.test.autoconfigure.web.servlet.WebDriverTestExecutionListener, org.springframework.test.context.web.ServletTestExecutionListener, org.springframework.test.context.support.DirtiesContextBeforeModesTestExecutionListener, org.springframework.test.context.support.DependencyInjectionTestExecutionListener, org.springframework.test.context.support.DirtiesContextTestExecutionListener, org.springframework.test.context.transaction.TransactionalTestExecutionListener, org.springframework.test.context.jdbc.SqlScriptsTestExecutionListener]
08:10:07.011 [main] INFO org.springframework.boot.test.context.SpringBootTestContextBootstrapper - Using TestExecutionListeners: [org.springframework.test.context.web.ServletTestExecutionListener@5ea434c8, org.springframework.test.context.support.DirtiesContextBeforeModesTestExecutionListener@3bbc39f8, org.springframework.boot.test.autoconfigure.SpringBootDependencyInjectionTestExecutionListener@4ae3c1cd, org.springframework.test.context.support.DirtiesContextTestExecutionListener@29f69090, org.springframework.test.context.transaction.TransactionalTestExecutionListener@568bf312, org.springframework.test.context.jdbc.SqlScriptsTestExecutionListener@ca263c2, org.springframework.boot.test.autoconfigure.web.servlet.MockMvcPrintOnlyOnFailureTestExecutionListener@589b3632, org.springframework.boot.test.autoconfigure.restdocs.RestDocsTestExecutionListener@45f45fa1, org.springframework.boot.test.mock.mockito.ResetMocksTestExecutionListener@4c6e276e, org.springframework.boot.test.autoconfigure.web.servlet.WebDriverTestExecutionListener@534df152, org.springframework.boot.test.autoconfigure.web.client.MockRestServiceServerResetTestExecutionListener@52e677af, org.springframework.boot.test.mock.mockito.MockitoTestExecutionListener@35083305]
08:10:07.011 [main] DEBUG org.springframework.test.annotation.ProfileValueUtils - Retrieved @ProfileValueSourceConfiguration [null] for test class [com.pixalione.monetoring.v2.RobotsTxtApplicationTest]
08:10:07.011 [main] DEBUG org.springframework.test.annotation.ProfileValueUtils - Retrieved ProfileValueSource type [class org.springframework.test.annotation.SystemProfileValueSource] for class [com.pixalione.monetoring.v2.RobotsTxtApplicationTest]
08:10:07.012 [main] DEBUG org.springframework.test.annotation.ProfileValueUtils - Retrieved @ProfileValueSourceConfiguration [null] for test class [com.pixalione.monetoring.v2.RobotsTxtApplicationTest]
08:10:07.012 [main] DEBUG org.springframework.test.annotation.ProfileValueUtils - Retrieved ProfileValueSource type [class org.springframework.test.annotation.SystemProfileValueSource] for class [com.pixalione.monetoring.v2.RobotsTxtApplicationTest]
08:10:07.016 [main] DEBUG org.springframework.test.context.support.AbstractDirtiesContextTestExecutionListener - Before test class: context [DefaultTestContext@2893de87 testClass = RobotsTxtApplicationTest, testInstance = [null], testMethod = [null], testException = [null], mergedContextConfiguration = [WebMergedContextConfiguration@55ca8de8 testClass = RobotsTxtApplicationTest, locations = '{}', classes = '{class com.pixalione.monetoring.v2.RobotsTxtApplication}', contextInitializerClasses = '[]', activeProfiles = '{}', propertySourceLocations = '{}', propertySourceProperties = '{org.springframework.boot.test.context.SpringBootTestContextBootstrapper=true}', contextCustomizers = set[org.springframework.boot.test.context.SpringBootTestContextCustomizer@2b2948e2, org.springframework.boot.test.context.filter.ExcludeFilterContextCustomizer@3b0143d3, org.springframework.boot.test.mock.mockito.MockitoContextCustomizer@0, org.springframework.boot.test.autoconfigure.properties.PropertyMappingContextCustomizer@0, org.springframework.boot.test.autoconfigure.web.servlet.WebDriverContextCustomizerFactory$Customizer@79be0360], resourceBasePath = 'src/main/webapp', contextLoader = 'org.springframework.boot.test.context.SpringBootContextLoader', parent = [null]]], class annotated with @DirtiesContext [false] with mode [null].
08:10:07.016 [main] DEBUG org.springframework.test.annotation.ProfileValueUtils - Retrieved @ProfileValueSourceConfiguration [null] for test class [com.pixalione.monetoring.v2.RobotsTxtApplicationTest]
08:10:07.016 [main] DEBUG org.springframework.test.annotation.ProfileValueUtils - Retrieved ProfileValueSource type [class org.springframework.test.annotation.SystemProfileValueSource] for class [com.pixalione.monetoring.v2.RobotsTxtApplicationTest]
08:10:07.098 [main] DEBUG org.springframework.core.env.StandardEnvironment - Adding [systemProperties] PropertySource with lowest search precedence
08:10:07.098 [main] DEBUG org.springframework.core.env.StandardEnvironment - Adding [systemEnvironment] PropertySource with lowest search precedence
08:10:07.098 [main] DEBUG org.springframework.core.env.StandardEnvironment - Initialized StandardEnvironment with PropertySources [systemProperties,systemEnvironment]
08:10:07.099 [main] DEBUG org.springframework.test.context.support.TestPropertySourceUtils - Adding inlined properties to environment: {spring.jmx.enabled=false, org.springframework.boot.test.context.SpringBootTestContextBootstrapper=true, server.port=-1}
08:10:07.100 [main] DEBUG org.springframework.core.env.StandardEnvironment - Adding [Inlined Test Properties] PropertySource with highest search precedence

  .   ____          _            __ _ _
 /\\ / ___'_ __ _ _(_)_ __  __ _ \ \ \ \
( ( )\___ | '_ | '_| | '_ \/ _` | \ \ \ \
 \\/  ___)| |_)| | | | | || (_| |  ) ) ) )
  '  |____| .__|_| |_|_| |_\__, | / / / /
 =========|_|==============|___/=/_/_/_/
 :: Spring Boot ::        (v1.4.3.RELEASE)

2018-04-20 08:10:07.836  INFO 14293 --- [           main] c.p.m.v2.RobotsTxtApplicationTest        : Starting RobotsTxtApplicationTest on 58305515bd83 with PID 14293 (started by root in /var/jenkins_home/workspace/robottxtservice_master-ETL2XKAMIY3Y7BITJJG6N6FNWIVCHQM3WT5JAWC6CJ7XZXSK2RCA)
2018-04-20 08:10:07.837  INFO 14293 --- [           main] c.p.m.v2.RobotsTxtApplicationTest        : No active profile set, falling back to default profiles: default
2018-04-20 08:10:07.878  INFO 14293 --- [           main] o.s.w.c.s.GenericWebApplicationContext   : Refreshing org.springframework.web.context.support.GenericWebApplicationContext@4bd31064: startup date [Fri Apr 20 08:10:07 UTC 2018]; root of context hierarchy
2018-04-20 08:10:09.930  INFO 14293 --- [           main] o.s.b.f.s.DefaultListableBeanFactory     : Overriding bean definition for bean 'mongo' with a different definition: replacing [Root bean: class [null]; scope=; abstract=false; lazyInit=false; autowireMode=3; dependencyCheck=0; autowireCandidate=true; primary=false; factoryBeanName=mongoConfig; factoryMethodName=mongo; initMethodName=null; destroyMethodName=(inferred); defined in class path resource [com/pixalione/monetoring/v2/Robots/Config/MongoConfig.class]] with [Root bean: class [null]; scope=; abstract=false; lazyInit=false; autowireMode=3; dependencyCheck=0; autowireCandidate=true; primary=false; factoryBeanName=org.springframework.boot.autoconfigure.mongo.MongoAutoConfiguration; factoryMethodName=mongo; initMethodName=null; destroyMethodName=(inferred); defined in class path resource [org/springframework/boot/autoconfigure/mongo/MongoAutoConfiguration.class]]
2018-04-20 08:10:11.579  INFO 14293 --- [           main] org.mongodb.driver.cluster               : Cluster created with settings {hosts=[213.32.75.99:27017], mode=MULTIPLE, requiredClusterType=UNKNOWN, serverSelectionTimeout='30000 ms', maxWaitQueueSize=500}
2018-04-20 08:10:11.580  INFO 14293 --- [           main] org.mongodb.driver.cluster               : Adding discovered server 213.32.75.99:27017 to client view of cluster
2018-04-20 08:10:11.871  INFO 14293 --- [.32.75.99:27017] org.mongodb.driver.connection            : Opened connection [connectionId{localValue:1, serverValue:899}] to 213.32.75.99:27017
2018-04-20 08:10:11.891  INFO 14293 --- [.32.75.99:27017] org.mongodb.driver.cluster               : Monitor thread successfully connected to server with description ServerDescription{address=213.32.75.99:27017, type=STANDALONE, state=CONNECTED, ok=true, version=ServerVersion{versionList=[3, 4, 14]}, minWireVersion=0, maxWireVersion=5, maxDocumentSize=16777216, logicalSessionTimeoutMinutes=null, roundTripTimeNanos=2432545}
2018-04-20 08:10:11.892  INFO 14293 --- [.32.75.99:27017] org.mongodb.driver.cluster               : Discovered cluster type of STANDALONE
2018-04-20 08:10:12.199  INFO 14293 --- [           main] org.mongodb.driver.connection            : Opened connection [connectionId{localValue:2, serverValue:900}] to 213.32.75.99:27017
2018-04-20 08:10:12.937  INFO 14293 --- [           main] s.w.s.m.m.a.RequestMappingHandlerMapping : Mapped "{[/parseRobotTxt],methods=[GET]}" onto public com.pixalione.monetoring.v2.Robots.Models.Robot com.pixalione.monetoring.v2.Robots.Controller.RobotTxtController.parseRobotTxt(int,int,java.lang.String,java.lang.String,boolean,boolean)
2018-04-20 08:10:12.940  INFO 14293 --- [           main] s.w.s.m.m.a.RequestMappingHandlerMapping : Mapped "{[/parseRobotTxts],methods=[POST]}" onto public java.util.Collection<com.pixalione.monetoring.v2.Robots.Models.Robot> com.pixalione.monetoring.v2.Robots.Controller.RobotTxtController.parseRobotsTxts(java.util.Set<java.lang.String>,int,int,java.lang.String,boolean,boolean)
2018-04-20 08:10:12.959  INFO 14293 --- [           main] s.w.s.m.m.a.RequestMappingHandlerMapping : Mapped "{[/isAllowed],methods=[GET]}" onto public boolean com.pixalione.monetoring.v2.Robots.Controller.RulesController.isAllowed(int,int,java.lang.String,java.lang.String,java.lang.String)
2018-04-20 08:10:12.961  INFO 14293 --- [           main] s.w.s.m.m.a.RequestMappingHandlerMapping : Mapped "{[/AsyncParseSiteMaps],methods=[GET]}" onto public java.util.Set<com.pixalione.monetoring.v2.Robots.Models.SiteMap> com.pixalione.monetoring.v2.Robots.Controller.SiteMapController.getAsyncSiteMaps(int,int,java.lang.String,java.lang.String,boolean,boolean)
2018-04-20 08:10:12.961  INFO 14293 --- [           main] s.w.s.m.m.a.RequestMappingHandlerMapping : Mapped "{[/setValidSiteMap],methods=[POST]}" onto public com.pixalione.monetoring.v2.Robots.Models.Robot com.pixalione.monetoring.v2.Robots.Controller.SiteMapController.setValidSiteMap(int,int,java.lang.String,java.util.Set<com.pixalione.monetoring.v2.Robots.Models.SiteMap>)
2018-04-20 08:10:12.962  INFO 14293 --- [           main] s.w.s.m.m.a.RequestMappingHandlerMapping : Mapped "{[/ParseSiteMap],methods=[POST]}" onto public java.util.Set<java.lang.String> com.pixalione.monetoring.v2.Robots.Controller.SiteMapController.ParseSiteMap(java.lang.String)
2018-04-20 08:10:12.962  INFO 14293 --- [           main] s.w.s.m.m.a.RequestMappingHandlerMapping : Mapped "{[/parseSiteMaps],methods=[GET]}" onto public java.util.Set<com.pixalione.monetoring.v2.Robots.Models.SiteMap> com.pixalione.monetoring.v2.Robots.Controller.SiteMapController.getSiteMaps(int,int,java.lang.String,java.lang.String,boolean,boolean)
2018-04-20 08:10:12.963  INFO 14293 --- [           main] s.w.s.m.m.a.RequestMappingHandlerMapping : Mapped "{[/v2/api-docs],methods=[GET],produces=[application/json || application/hal+json]}" onto public org.springframework.http.ResponseEntity<springfox.documentation.spring.web.json.Json> springfox.documentation.swagger2.web.Swagger2Controller.getDocumentation(java.lang.String,javax.servlet.http.HttpServletRequest)
2018-04-20 08:10:12.970  INFO 14293 --- [           main] s.w.s.m.m.a.RequestMappingHandlerMapping : Mapped "{[/configuration/security]}" onto org.springframework.http.ResponseEntity<springfox.documentation.swagger.web.SecurityConfiguration> springfox.documentation.swagger.web.ApiResourceController.securityConfiguration()
2018-04-20 08:10:12.970  INFO 14293 --- [           main] s.w.s.m.m.a.RequestMappingHandlerMapping : Mapped "{[/configuration/ui]}" onto org.springframework.http.ResponseEntity<springfox.documentation.swagger.web.UiConfiguration> springfox.documentation.swagger.web.ApiResourceController.uiConfiguration()
2018-04-20 08:10:12.972  INFO 14293 --- [           main] s.w.s.m.m.a.RequestMappingHandlerMapping : Mapped "{[/swagger-resources]}" onto org.springframework.http.ResponseEntity<java.util.List<springfox.documentation.swagger.web.SwaggerResource>> springfox.documentation.swagger.web.ApiResourceController.swaggerResources()
2018-04-20 08:10:12.977  INFO 14293 --- [           main] s.w.s.m.m.a.RequestMappingHandlerMapping : Mapped "{[/error],produces=[text/html]}" onto public org.springframework.web.servlet.ModelAndView org.springframework.boot.autoconfigure.web.BasicErrorController.errorHtml(javax.servlet.http.HttpServletRequest,javax.servlet.http.HttpServletResponse)
2018-04-20 08:10:12.983  INFO 14293 --- [           main] s.w.s.m.m.a.RequestMappingHandlerMapping : Mapped "{[/error]}" onto public org.springframework.http.ResponseEntity<java.util.Map<java.lang.String, java.lang.Object>> org.springframework.boot.autoconfigure.web.BasicErrorController.error(javax.servlet.http.HttpServletRequest)
2018-04-20 08:10:13.540  INFO 14293 --- [           main] s.w.s.m.m.a.RequestMappingHandlerAdapter : Looking for @ControllerAdvice: org.springframework.web.context.support.GenericWebApplicationContext@4bd31064: startup date [Fri Apr 20 08:10:07 UTC 2018]; root of context hierarchy
2018-04-20 08:10:13.599  INFO 14293 --- [           main] o.s.w.s.handler.SimpleUrlHandlerMapping  : Mapped URL path [/webjars/**] onto handler of type [class org.springframework.web.servlet.resource.ResourceHttpRequestHandler]
2018-04-20 08:10:13.599  INFO 14293 --- [           main] o.s.w.s.handler.SimpleUrlHandlerMapping  : Mapped URL path [/**] onto handler of type [class org.springframework.web.servlet.resource.ResourceHttpRequestHandler]
2018-04-20 08:10:13.633  INFO 14293 --- [           main] o.s.w.s.handler.SimpleUrlHandlerMapping  : Mapped URL path [/**/favicon.ico] onto handler of type [class org.springframework.web.servlet.resource.ResourceHttpRequestHandler]
2018-04-20 08:10:13.911  INFO 14293 --- [           main] d.s.w.p.DocumentationPluginsBootstrapper : Context refreshed
2018-04-20 08:10:13.934  INFO 14293 --- [           main] d.s.w.p.DocumentationPluginsBootstrapper : Found 1 custom documentation plugin(s)
2018-04-20 08:10:13.944  INFO 14293 --- [           main] s.d.s.w.s.ApiListingReferenceScanner     : Scanning for api listing references
2018-04-20 08:10:14.187  INFO 14293 --- [           main] c.p.m.v2.RobotsTxtApplicationTest        : Started RobotsTxtApplicationTest in 7.076 seconds (JVM running for 8.033)
Tests run: 1, Failures: 0, Errors: 0, Skipped: 0, Time elapsed: 7.242 sec - in com.pixalione.monetoring.v2.RobotsTxtApplicationTest
Running com.pixalione.monetoring.v2.Robots.Core.RobotParserLogicTest
2018-04-20 08:10:14.240  INFO 14293 --- [           main] .b.t.c.SpringBootTestContextBootstrapper : Neither @ContextConfiguration nor @ContextHierarchy found for test class [com.pixalione.monetoring.v2.Robots.Core.RobotParserLogicTest], using SpringBootContextLoader
2018-04-20 08:10:14.241  INFO 14293 --- [           main] o.s.t.c.support.AbstractContextLoader    : Could not detect default resource locations for test class [com.pixalione.monetoring.v2.Robots.Core.RobotParserLogicTest]: no resource found for suffixes {-context.xml, Context.groovy}.
2018-04-20 08:10:14.241  INFO 14293 --- [           main] t.c.s.AnnotationConfigContextLoaderUtils : Could not detect default configuration classes for test class [com.pixalione.monetoring.v2.Robots.Core.RobotParserLogicTest]: RobotParserLogicTest does not declare any static, non-private, non-final, nested classes annotated with @Configuration.
2018-04-20 08:10:14.244  INFO 14293 --- [           main] .b.t.c.SpringBootTestContextBootstrapper : Found @SpringBootConfiguration com.pixalione.monetoring.v2.RobotsTxtApplication for test class com.pixalione.monetoring.v2.Robots.Core.RobotParserLogicTest
2018-04-20 08:10:14.247  INFO 14293 --- [           main] .b.t.c.SpringBootTestContextBootstrapper : Loaded default TestExecutionListener class names from location [META-INF/spring.factories]: [org.springframework.boot.test.mock.mockito.MockitoTestExecutionListener, org.springframework.boot.test.mock.mockito.ResetMocksTestExecutionListener, org.springframework.boot.test.autoconfigure.restdocs.RestDocsTestExecutionListener, org.springframework.boot.test.autoconfigure.web.client.MockRestServiceServerResetTestExecutionListener, org.springframework.boot.test.autoconfigure.web.servlet.MockMvcPrintOnlyOnFailureTestExecutionListener, org.springframework.boot.test.autoconfigure.web.servlet.WebDriverTestExecutionListener, org.springframework.test.context.web.ServletTestExecutionListener, org.springframework.test.context.support.DirtiesContextBeforeModesTestExecutionListener, org.springframework.test.context.support.DependencyInjectionTestExecutionListener, org.springframework.test.context.support.DirtiesContextTestExecutionListener, org.springframework.test.context.transaction.TransactionalTestExecutionListener, org.springframework.test.context.jdbc.SqlScriptsTestExecutionListener]
2018-04-20 08:10:14.251  INFO 14293 --- [           main] .b.t.c.SpringBootTestContextBootstrapper : Using TestExecutionListeners: [org.springframework.test.context.web.ServletTestExecutionListener@3d0352, org.springframework.test.context.support.DirtiesContextBeforeModesTestExecutionListener@bb6f3f7, org.springframework.boot.test.autoconfigure.SpringBootDependencyInjectionTestExecutionListener@388f1258, org.springframework.test.context.support.DirtiesContextTestExecutionListener@62058742, org.springframework.test.context.transaction.TransactionalTestExecutionListener@aca2fc3, org.springframework.test.context.jdbc.SqlScriptsTestExecutionListener@36df4c26, org.springframework.boot.test.autoconfigure.web.servlet.MockMvcPrintOnlyOnFailureTestExecutionListener@76828577, org.springframework.boot.test.autoconfigure.restdocs.RestDocsTestExecutionListener@38732372, org.springframework.boot.test.mock.mockito.ResetMocksTestExecutionListener@639cb788, org.springframework.boot.test.autoconfigure.web.servlet.WebDriverTestExecutionListener@2fee69a1, org.springframework.boot.test.autoconfigure.web.client.MockRestServiceServerResetTestExecutionListener@4d25f816, org.springframework.boot.test.mock.mockito.MockitoTestExecutionListener@6c6c2a73]
2018-04-20 08:10:14.517  WARN 14293 --- [           main] c.p.m.v2.Robots.Core.RobotsUtils         : Please check the permission to access data on this server : https://www.historiae-secrets.com/robots.txt
# robots.txt automaticaly generated by PrestaShop e-commerce open-source solution # http://www.prestashop.com - http://www.prestashop.com/forums # This file is to prevent the crawling and indexing of certain parts # of your site by web crawlers and spiders run by sites like Yahoo! # and Google. By telling these "robots" where not to go on your site, # you save bandwidth and server resources. # For more information about the robots.txt standard, see: # http://www.robotstxt.org/robotstxt.html User-agent: * # Allow Directives Allow: */modules/*.css Allow: */modules/*.js # Private pages Disallow: /*?orderby= Disallow: /*?orderway= Disallow: /*?tag= Disallow: /*?id_currency= Disallow: /*?search_query= Disallow: /*?back= Disallow: /*?n= Disallow: /*&orderby= Disallow: /*&orderway= Disallow: /*&tag= Disallow: /*&id_currency= Disallow: /*&search_query= Disallow: /*&back= Disallow: /*&n= Disallow: /*controller=addresses Disallow: /*controller=address Disallow: /*controller=authentication Disallow: /*controller=cart Disallow: /*controller=discount Disallow: /*controller=footer Disallow: /*controller=get-file Disallow: /*controller=header Disallow: /*controller=history Disallow: /*controller=identity Disallow: /*controller=images.inc Disallow: /*controller=init Disallow: /*controller=my-account Disallow: /*controller=order Disallow: /*controller=order-opc Disallow: /*controller=order-slip Disallow: /*controller=order-detail Disallow: /*controller=order-follow Disallow: /*controller=order-return Disallow: /*controller=order-confirmation Disallow: /*controller=pagination Disallow: /*controller=password Disallow: /*controller=pdf-invoice Disallow: /*controller=pdf-order-return Disallow: /*controller=pdf-order-slip Disallow: /*controller=product-sort Disallow: /*controller=search Disallow: /*controller=statistics Disallow: /*controller=attachment Disallow: /*controller=guest-tracking # Directories Disallow: */classes/ Disallow: */config/ Disallow: */download/ Disallow: */mails/ Disallow: */modules/ Disallow: */translations/ Disallow: */tools/ # Files Disallow: /*recuperation-mot-de-passe Disallow: /*adresse Disallow: /*adresses Disallow: /*connexion Disallow: /*panier Disallow: /*reduction Disallow: /*historique-commandes Disallow: /*identite Disallow: /*mon-compte Disallow: /*suivi-commande Disallow: /*avoirs Disallow: /*commande Disallow: /*recherche Disallow: /*commande-rapide Disallow: /*suivi-commande-invite Disallow: /*confirmation-commande
Tests run: 1, Failures: 0, Errors: 0, Skipped: 0, Time elapsed: 0.402 sec - in com.pixalione.monetoring.v2.Robots.Core.RobotParserLogicTest
2018-04-20 08:10:14.693  INFO 14293 --- [       Thread-1] o.s.w.c.s.GenericWebApplicationContext   : Closing org.springframework.web.context.support.GenericWebApplicationContext@4bd31064: startup date [Fri Apr 20 08:10:07 UTC 2018]; root of context hierarchy
2018-04-20 08:10:14.710  INFO 14293 --- [       Thread-1] org.mongodb.driver.connection            : Closed connection [connectionId{localValue:2, serverValue:900}] to 213.32.75.99:27017 because the pool has been closed.

Results :

Tests run: 2, Failures: 0, Errors: 0, Skipped: 0

[INFO] ------------------------------------------------------------------------
[INFO] BUILD SUCCESS
[INFO] ------------------------------------------------------------------------
[INFO] Total time: 12.643 s
[INFO] Finished at: 2018-04-20T08:10:14+00:00
[INFO] Final Memory: 32M/571M
[INFO] ------------------------------------------------------------------------
