[lemmatizer_service_master-GMTR6X7KMJ5LH43WWLRTO2FE36HCYKBRK3WIOEA65OPACRYM3YKA] Running shell script
+ make SonarTest
[1;33m=> Testing With Sonar Server ...
[0m[INFO] Scanning for projects...
[INFO]                                                                         
[INFO] ------------------------------------------------------------------------
[INFO] Building pixalione 0.0.1-SNAPSHOT
[INFO] ------------------------------------------------------------------------
[INFO] 
[INFO] --- sonar-maven-plugin:3.4.0.905:sonar (default-cli) @ lemmatizer ---
[INFO] User cache: /root/.sonar/cache
[INFO] SonarQube version: 7.0.0
[INFO] Default locale: "en", source code encoding: "UTF-8"
[INFO] Publish mode
[INFO] Load global settings
[INFO] Load global settings (done) | time=106ms
[INFO] Server id: AWLNpaenYXGBWF_7PvT0
[INFO] User cache: /root/.sonar/cache
[INFO] Load plugins index
[INFO] Load plugins index (done) | time=101ms
[INFO] Load/download plugins
[INFO] Load/download plugins (done) | time=23ms
[INFO] Process project properties
[INFO] Load project repositories
[INFO] Load project repositories (done) | time=29ms
[INFO] Load quality profiles
[INFO] Load quality profiles (done) | time=62ms
[INFO] Load active rules
[INFO] Load active rules (done) | time=738ms
[INFO] Load metrics repository
[INFO] Load metrics repository (done) | time=26ms
[INFO] Project key: com.pixalione.monetoring.data_prepropcessing:lemmatizer
[INFO] -------------  Scan pixalione
[INFO] Load server rules
[INFO] Load server rules (done) | time=100ms
[INFO] Base dir: /var/jenkins_home/workspace/lemmatizer_service_master-GMTR6X7KMJ5LH43WWLRTO2FE36HCYKBRK3WIOEA65OPACRYM3YKA
[INFO] Working dir: /var/jenkins_home/workspace/lemmatizer_service_master-GMTR6X7KMJ5LH43WWLRTO2FE36HCYKBRK3WIOEA65OPACRYM3YKA/target/sonar
[INFO] Source paths: pom.xml, src/main/java
[INFO] Test paths: src/test/java
[INFO] Source encoding: UTF-8, default locale: en
[INFO] Index files
[INFO] 15 files indexed
[INFO] Quality profile for java: Sonar way
[INFO] Quality profile for xml: Sonar way
[INFO] Sensor JavaSquidSensor [java]
[INFO] Configured Java source version (sonar.java.source): 8
[INFO] JavaClasspath initialization
[INFO] JavaClasspath initialization (done) | time=21ms
[INFO] JavaTestClasspath initialization
[INFO] JavaTestClasspath initialization (done) | time=3ms
[INFO] Java Main Files AST scan
[INFO] 10 source files to be analyzed
[INFO] Java Main Files AST scan (done) | time=2350ms
[INFO] Java Test Files AST scan
[INFO] 4 source files to be analyzed
[INFO] 10/10 source files have been analyzed
[INFO] 4/4 source files have been analyzed
[INFO] Java Test Files AST scan (done) | time=263ms
[INFO] Sensor JavaSquidSensor [java] (done) | time=4056ms
[INFO] Sensor SurefireSensor [java]
[INFO] parsing [/var/jenkins_home/workspace/lemmatizer_service_master-GMTR6X7KMJ5LH43WWLRTO2FE36HCYKBRK3WIOEA65OPACRYM3YKA/target/surefire-reports]
[INFO] Sensor SurefireSensor [java] (done) | time=94ms
[INFO] Sensor JaCoCoSensor [java]
[INFO] Sensor JaCoCoSensor [java] (done) | time=1ms
[INFO] Sensor SonarJavaXmlFileSensor [java]
[INFO] 1 source files to be analyzed
[INFO] Sensor SonarJavaXmlFileSensor [java] (done) | time=662ms
[INFO] 1/1 source files have been analyzed
[INFO] Sensor XML Sensor [xml]
[INFO] Sensor XML Sensor [xml] (done) | time=154ms
[INFO] Sensor Zero Coverage Sensor
[INFO] Sensor Zero Coverage Sensor (done) | time=68ms
[INFO] Sensor CPD Block Indexer
[INFO] Sensor CPD Block Indexer (done) | time=64ms
[INFO] SCM provider for this project is: git
[INFO] 15 files to be analyzed
[INFO] 15/15 files analyzed
[INFO] 2 files had no CPD blocks
[INFO] Calculating CPD for 8 files
[INFO] CPD calculation finished
[INFO] Analysis report generated in 145ms, dir size=104 KB
[INFO] Analysis reports compressed in 46ms, zip size=51 KB
[INFO] Analysis report uploaded in 220ms
[INFO] ANALYSIS SUCCESSFUL, you can browse http://213.32.75.99:9000/dashboard/index/com.pixalione.monetoring.data_prepropcessing:lemmatizer
[INFO] Note that you will be able to access the updated dashboard once the server has processed the submitted analysis report
[INFO] More about the report processing at http://213.32.75.99:9000/api/ce/task?id=AWLTJ6wvgr_boLqFP8WX
[INFO] Task total time: 10.017 s
[INFO] ------------------------------------------------------------------------
[INFO] BUILD SUCCESS
[INFO] ------------------------------------------------------------------------
[INFO] Total time: 13.450 s
[INFO] Finished at: 2018-04-17T10:30:15+00:00
[INFO] Final Memory: 47M/964M
[INFO] ------------------------------------------------------------------------
